(---------------------------------------------------------------------)
(                                                                     )
(    Netrev Allegro Import Logic                                      )
(                                                                     )
(    Drawing          : circuit_r3.brd                                )
(    Software Version : 16.3p004                                      )
(    Date/Time        : Fri Apr 29 18:19:15 2011                      )
(                                                                     )
(---------------------------------------------------------------------)


------ Directives ------

RIPUP_ETCH FALSE;
RIPUP_SYMBOLS ALWAYS;
Missing symbol has error FALSE;
SCHEMATIC_DIRECTORY 'i:\aquarium\allegro';
BOARD_DIRECTORY '';
OLD_BOARD_NAME 'I:/aquarium/allegro/circuit_r3.brd';
NEW_BOARD_NAME 'circuit_lightr1.brd';

CmdLine: netrev.exe -5 -y 1 -i i:\aquarium\allegro I:\aquarium\allegro\circuit_r3.brd i:\aquarium\allegro\circuit_lightr1.brd

------ Preparing to read pst files ------

Starting to read i:/aquarium/allegro/pstchip.dat 
   Finished reading i:/aquarium/allegro/pstchip.dat (00:00:00.06)
Starting to read i:/aquarium/allegro/pstxprt.dat 
   Finished reading i:/aquarium/allegro/pstxprt.dat (00:00:00.00)
Starting to read i:/aquarium/allegro/pstxnet.dat 
   Finished reading i:/aquarium/allegro/pstxnet.dat (00:00:00.00)

------ Oversights/Warnings/Errors ------


------ Library Paths ------
MODULEPATH =  . 
           D:/Cadence/SPB_16.3/share/local/pcb/modules 

PSMPATH =  I:\aquarium\footprints\ 
           . 
           symbols 
           .. 
           ../symbols 
           D:/Cadence/SPB_16.3/share/local/pcb/symbols 
           D:/Cadence/SPB_16.3/share/pcb/pcb_lib/symbols 
           D:/Cadence/SPB_16.3/share/pcb/allegrolib/symbols 

PADPATH =  I:\aquarium\pads\ 
           . 
           symbols 
           .. 
           ../symbols 
           D:/Cadence/SPB_16.3/share/local/pcb/padstacks 
           D:/Cadence/SPB_16.3/share/pcb/pcb_lib/symbols 
           D:/Cadence/SPB_16.3/share/pcb/allegrolib/symbols 


------ Summary Statistics ------


netrev run on Apr 29 18:19:15 2011
   DESIGN NAME : 'CIRCUIT_LIGHT'
   PACKAGING ON Nov 17 2009 03:09:43

   COMPILE 'logic'
   CHECK_PIN_NAMES OFF
   CROSS_REFERENCE OFF
   FEEDBACK OFF
   INCREMENTAL OFF
   INTERFACE_TYPE PHYSICAL
   MAX_ERRORS 500
   MERGE_MINIMUM 5
   NET_NAME_CHARS '#%&()*+-./:=>?@[]^_`|'
   NET_NAME_LENGTH 24
   OVERSIGHTS ON
   REPLACE_CHECK OFF
   SINGLE_NODE_NETS ON
   SPLIT_MINIMUM 0
   SUPPRESS   20
   WARNINGS ON

 No error detected
 No oversight detected
 No warning detected

cpu time      0:00:41
elapsed time  0:00:00

