Build started 6/25/2011 4:54:20 PM.
     1>Project "I:\Cpp\wsock32\wsock32\wsock32.vcxproj" on node 2 (build target(s)).
     1>PrepareForBuild:
         Creating directory "I:\Cpp\wsock32\Release\".
       InitializeBuildStatus:
         Creating "Release\wsock32.unsuccessfulbuild" because "AlwaysCreate" was specified.
       ClCompile:
         C:\Program Files (x86)\Microsoft Visual Studio 10.0\VC\bin\CL.exe /c /Zi /nologo /W3 /WX- /O2 /Oi /Oy- /GL /D WIN32 /D NDEBUG /D _WINDOWS /D _USRDLL /D WSOCK32_EXPORTS /D _WINDLL /D _UNICODE /D UNICODE /Gm- /EHsc /MD /GS /Gy /fp:precise /Zc:wchar_t /Zc:forScope /Yc"StdAfx.h" /Fp"Release\wsock32.pch" /Fo"Release\\" /Fd"Release\vc100.pdb" /Gd /TP /analyze- /errorReport:prompt stdafx.cpp
         stdafx.cpp
         C:\Program Files (x86)\Microsoft Visual Studio 10.0\VC\bin\CL.exe /c /Zi /nologo /W3 /WX- /O2 /Oi /Oy- /GL /D WIN32 /D NDEBUG /D _WINDOWS /D _USRDLL /D WSOCK32_EXPORTS /D _WINDLL /D _UNICODE /D UNICODE /Gm- /EHsc /MD /GS /Gy /fp:precise /Zc:wchar_t /Zc:forScope /Yu"StdAfx.h" /Fp"Release\wsock32.pch" /Fo"Release\\" /Fd"Release\vc100.pdb" /Gd /TP /analyze- /errorReport:prompt wsock32.cpp
         wsock32.cpp
       Link:
         C:\Program Files (x86)\Microsoft Visual Studio 10.0\VC\bin\link.exe /ERRORREPORT:PROMPT /OUT:"I:\Cpp\wsock32\Release\wsock32.dll" /INCREMENTAL:NO /NOLOGO kernel32.lib user32.lib gdi32.lib winspool.lib comdlg32.lib advapi32.lib shell32.lib ole32.lib oleaut32.lib uuid.lib odbc32.lib odbccp32.lib /DEF:"wsock32.def" /MANIFEST /ManifestFile:"Release\wsock32.dll.intermediate.manifest" /MANIFESTUAC:"level='asInvoker' uiAccess='false'" /DEBUG /PDB:"I:\Cpp\wsock32\Release\wsock32.pdb" /SUBSYSTEM:WINDOWS /OPT:REF /OPT:ICF /LTCG /TLBID:1 /DYNAMICBASE /NXCOMPAT /IMPLIB:"I:\Cpp\wsock32\Release\wsock32.lib" /MACHINE:X86 /DLL Release\stdafx.obj
         Release\wsock32.obj
     1>wsock32.obj : warning LNK4197: export 'gethostbyname' specified multiple times; using first specification
            Creating library I:\Cpp\wsock32\Release\wsock32.lib and object I:\Cpp\wsock32\Release\wsock32.exp
         Generating code
         Finished generating code
         wsock32.vcxproj -> I:\Cpp\wsock32\Release\wsock32.dll
       Manifest:
         C:\Program Files (x86)\Microsoft SDKs\Windows\v7.0A\bin\mt.exe /nologo /verbose /outputresource:"I:\Cpp\wsock32\Release\wsock32.dll;#2" /manifest Release\wsock32.dll.intermediate.manifest
       FinalizeBuildStatus:
         Deleting file "Release\wsock32.unsuccessfulbuild".
         Touching "Release\wsock32.lastbuildstate".
     1>Done Building Project "I:\Cpp\wsock32\wsock32\wsock32.vcxproj" (build target(s)).

Build succeeded.

Time Elapsed 00:00:01.10
