Build started 6/25/2011 4:53:31 PM.
     1>Project "I:\Cpp\wsock32\wsock32\wsock32.vcxproj" on node 2 (build target(s)).
     1>InitializeBuildStatus:
         Touching "Debug\wsock32.unsuccessfulbuild".
       ClCompile:
         All outputs are up-to-date.
         All outputs are up-to-date.
       ManifestResourceCompile:
         All outputs are up-to-date.
       Link:
         C:\Program Files (x86)\Microsoft Visual Studio 10.0\VC\bin\link.exe /ERRORREPORT:PROMPT /OUT:"I:\Cpp\wsock32\Debug\wsock32.dll" /INCREMENTAL /NOLOGO kernel32.lib user32.lib gdi32.lib winspool.lib comdlg32.lib advapi32.lib shell32.lib ole32.lib oleaut32.lib uuid.lib odbc32.lib odbccp32.lib /DEF:"wsock32.def" /MANIFEST /ManifestFile:"Debug\wsock32.dll.intermediate.manifest" /MANIFESTUAC:"level='asInvoker' uiAccess='false'" /DEBUG /PDB:"I:\Cpp\wsock32\Debug\wsock32.pdb" /SUBSYSTEM:WINDOWS /TLBID:1 /DYNAMICBASE /NXCOMPAT /IMPLIB:"I:\Cpp\wsock32\Debug\wsock32.lib" /MACHINE:X86 /DLL Debug\wsock32.dll.embed.manifest.res
         Debug\stdafx.obj
         Debug\wsock32.obj
     1>wsock32.obj : warning LNK4197: export 'gethostbyname' specified multiple times; using first specification
            Creating library I:\Cpp\wsock32\Debug\wsock32.lib and object I:\Cpp\wsock32\Debug\wsock32.exp
       Manifest:
         C:\Program Files (x86)\Microsoft SDKs\Windows\v7.0A\bin\mt.exe /nologo /verbose /out:"Debug\wsock32.dll.embed.manifest" /manifest Debug\wsock32.dll.intermediate.manifest
         C:\Program Files (x86)\Microsoft SDKs\Windows\v7.0A\bin\rc.exe /nologo /fo"Debug\wsock32.dll.embed.manifest.res" Debug\wsock32_manifest.rc 
       LinkEmbedManifest:
         C:\Program Files (x86)\Microsoft Visual Studio 10.0\VC\bin\link.exe /ERRORREPORT:PROMPT /OUT:"I:\Cpp\wsock32\Debug\wsock32.dll" /INCREMENTAL /NOLOGO kernel32.lib user32.lib gdi32.lib winspool.lib comdlg32.lib advapi32.lib shell32.lib ole32.lib oleaut32.lib uuid.lib odbc32.lib odbccp32.lib /DEF:"wsock32.def" /MANIFEST /ManifestFile:"Debug\wsock32.dll.intermediate.manifest" /MANIFESTUAC:"level='asInvoker' uiAccess='false'" /DEBUG /PDB:"I:\Cpp\wsock32\Debug\wsock32.pdb" /SUBSYSTEM:WINDOWS /TLBID:1 /DYNAMICBASE /NXCOMPAT /IMPLIB:"I:\Cpp\wsock32\Debug\wsock32.lib" /MACHINE:X86 /DLL Debug\wsock32.dll.embed.manifest.res
         Debug\stdafx.obj
         Debug\wsock32.obj
     1>wsock32.obj : warning LNK4197: export 'gethostbyname' specified multiple times; using first specification
            Creating library I:\Cpp\wsock32\Debug\wsock32.lib and object I:\Cpp\wsock32\Debug\wsock32.exp
         wsock32.vcxproj -> I:\Cpp\wsock32\Debug\wsock32.dll
       FinalizeBuildStatus:
         Deleting file "Debug\wsock32.unsuccessfulbuild".
         Touching "Debug\wsock32.lastbuildstate".
     1>Done Building Project "I:\Cpp\wsock32\wsock32\wsock32.vcxproj" (build target(s)).

Build succeeded.

Time Elapsed 00:00:00.49
