(---------------------------------------------------------------------)
(                                                                     )
(    Refresh Padstack                                                 )
(                                                                     )
(    Drawing          : gumstix_breakout.brd                          )
(    Software Version : 16.3p003                                      )
(    Date/Time        : Tue Feb 22 13:56:48 2011                      )
(                                                                     )
(---------------------------------------------------------------------)


Tue Feb 22 13:56:48 2011				Page     1


------ Pad Stack Refresh Options ------

OLD_LAYOUT_NAME = 'G:/tdp4/trunk/circuit/breakout/allegro/gumstix_breakout.brd';
NEW_LAYOUT_NAME = '';
REFRESH_SYMBOL_TEXT_LOCATIONS = 'NO';


------ Library Paths ------
PSMPATH =  . 
           symbols 
           .. 
           ../symbols 
           C:/Cadence/SPB_16.3/share/local/pcb/symbols 
           C:/Cadence/SPB_16.3/share/pcb/pcb_lib/symbols 
           C:/Cadence/SPB_16.3/share/pcb/allegrolib/symbols 

PADPATH =  . 
           symbols 
           .. 
           ../symbols 
           C:/Cadence/SPB_16.3/share/local/pcb/padstacks 
           C:/Cadence/SPB_16.3/share/pcb/pcb_lib/symbols 
           C:/Cadence/SPB_16.3/share/pcb/allegrolib/symbols 


------ Pad Stack Refresh Messages ------

'VIA'  pad stack refresh starting.

     'VIA'  pad stack refreshed successfully.
     
WARNING(SPMHNI-253): Unable to find pad stack, 'SWITCH', in directory search path.

WARNING(SPMHNI-253): Unable to find pad stack, 'DIP6_PAD', in directory search path.

WARNING(SPMHNI-253): Unable to find pad stack, 'MUSBAB_SHIELD_PAD', in directory search path.

WARNING(SPMHNI-253): Unable to find pad stack, 'MUSBAB_CONN_PAD', in directory search path.

WARNING(SPMHNI-253): Unable to find pad stack, 'MUSBA_GOLE_PAD090', in directory search path.

WARNING(SPMHNI-253): Unable to find pad stack, 'UDBA_HOLE_PAD230', in directory search path.

WARNING(SPMHNI-253): Unable to find pad stack, 'USBA_HOLE_PAD095', in directory search path.

WARNING(SPMHNI-253): Unable to find pad stack, 'GUMSTIX_HOLE_PAD', in directory search path.

WARNING(SPMHNI-253): Unable to find pad stack, 'GUMSTIX', in directory search path.

'SMD50_87'  pad stack refresh starting.

     'SMD50_87'  pad stack refreshed successfully.
     
WARNING(SPMHNI-253): Unable to find pad stack, 'VIA06', in directory search path.

WARNING(SPMHNI-286): Completed refreshing all pad stacks successfully. Warnings detected.
