# 
# ===============================================================================
#                               Allegro PCB Router                               
# Copyright 1990-2006 Cadence Design Systems, Inc.  All Rights Reserved.
# ===============================================================================
# 
# Software licensed for sale by Cadence Design Systems, Inc.
# Current time = Tue Feb 08 11:32:49 2011
# 
# Allegro PCB Router v16-3-85 made 2009/11/03 at 11:55:32
# Running on: uranus, OS Version: WindowsNT 6.1.7600, Architecture: Intel Pentium II, III, or 4
# Licensing: The program will not obey any unlicensed rules
# No graphics will be displayed.
# Design Name F:/TDP4/TRUNK/CIRCUIT/breakout/allegro\gumstix_breakout.dsn
# Batch File Name: pasde.do
# Did File Name: F:/TDP4/TRUNK/CIRCUIT/breakout/allegro/specctra.did
# Current time = Tue Feb 08 11:32:49 2011
# PCB F:/TDP4/TRUNK/CIRCUIT/breakout/allegro
# Master Unit set up as: MIL 1000
# PCB Limits xlo=-2090.0000 ylo=-1380.0000 xhi=2090.0000 yhi=1265.0000
# Total 6 Images Consolidated.
# Via VIA z=1, 2 xlo=-12.0000 ylo=-12.0000 xhi= 12.0000 yhi= 12.0000
# 
#    VIA     TOP  BOTTOM
# 
#    TOP  ------   VIA  
# BOTTOM   VIA    ------
# 
# Wires Processed 0, Vias Processed 0
# Using colormap in design file.
# Layers Processed: Signal Layers 2
# Components Placed 14, Images Processed 22, Padstacks Processed 11
# Nets Processed 23, Net Terminals 77
# PCB Area=8740000.000  EIC=14  Area/EIC=624285.714  SMDs=8
# Total Pin Count: 198
# Signal Connections Created 54
# 
# Design Rules --------------------------------------------
# Via Grid 0.0100 with offset 0.0000
# Layer TOP Horz Signal Wire Grid 0.0100 with offset 0.0000, Width= 9.0000, Clearance= 9.0000
# Layer BOTTOM Vert Signal Wire Grid 0.0100 with offset 0.0000, Width= 9.0000, Clearance= 9.0000
# Cpu Time = 0:00:00  Elapsed Time = 0:00:00
# 
# Wiring Statistics ----------------- F:/TDP4/TRUNK/CIRCUIT/breakout/allegro\gumstix_breakout.dsn
# Nets 23 Connections 54 Unroutes 54
# Signal Layers 2 Power Layers 0
# Wire Junctions 0, at vias 0 Total Vias 0
# Percent Connected    0.00
# Manhattan Length 42520.9600 Horizontal 27796.1840 Vertical 14724.7760
# Routed Length   0.0000 Horizontal   0.0000 Vertical   0.0000
# Ratio Actual / Manhattan   0.0000
# Unconnected Length 42520.9600 Horizontal 25106.8200 Vertical 17414.1400
# Total Conflicts: 0 (Cross: 0, Clear: 0, Xtalk: 0, Length: 0, Polygon Clear: 0 )
# Cpu Time = 0:00:00  Elapsed Time = 0:00:01
# Loading Do File pasde.do ...
# Loading Do File F:/TDP4/TRUNK/CIRCUIT/breakout/allegro\gumstix_breakout_rules.do ...
# Colormap Written to File _notify.std
# Enter command <# Loading Do File C:/Users/Adraen/AppData/Local/Temp/#Taaaaab02996.tmp ...
# All Components Unselected.
# All Nets Unselected.
set route_diagonal 4
grid wire 0.010000 (direction x) (offset 0.000000)
grid wire 0.010000 (direction y) (offset 0.000000)
grid via 0.010000 (direction x) (offset 0.000000)
grid via 0.010000 (direction y) (offset 0.000000)
protect all wires
# All Wires Protected.
direction TOP horizontal
select layer TOP
unprotect layer_wires TOP
# Wires on layer TOP were Unprotected.
direction BOTTOM vertical
select layer BOTTOM
unprotect layer_wires BOTTOM
# Wires on layer BOTTOM were Unprotected.
cost via -1
# System default cost will be used.
set turbo_stagger off
limit outside -1
rule pcb (patterns_allowed  trombone accordion)
set pattern_stacking on
rule pcb (sawtooth_amplitude -1 -1)
rule pcb (sawtooth_gap -1)
rule pcb (accordion_amplitude -1 -1)
rule pcb (accordion_gap -1)
rule pcb (trombone_run_length -1)
rule pcb (trombone_gap -1)
unprotect selected
# All Selected Wires Unprotected.
smart_route (auto_fanout off) (auto_testpoint off) (auto_miter off)
# Command smart_route detected pcb layer rule(s), mcm via rule(s), which require the RouteADV license feature.
# All unlicensed rules are being ignored.
# Command smart_route will ignore pcb layer rule(s), mcm via rule(s)
# Smart Route: Executing bus diagonal.
# Diagonal wire corners are preferred.
# Current time = Tue Feb 08 11:33:11 2011
# 
#    VIA     TOP  BOTTOM
# 
#    TOP  ------   VIA  
# BOTTOM   VIA    ------
# 
# 
# Design Rules --------------------------------------------
# Via Grid 0.0100 with offset 0.0000
# Layer TOP Horz Signal Wire Grid 0.0100 with offset 0.0000, Width= 9.0000, Clearance= 9.0000
# Layer BOTTOM Vert Signal Wire Grid 0.0100 with offset 0.0000, Width= 9.0000, Clearance= 9.0000
# 
# Wiring Statistics ----------------- F:/TDP4/TRUNK/CIRCUIT/breakout/allegro\gumstix_breakout.dsn
# Nets 23 Connections 54 Unroutes 54
# Signal Layers 2 Power Layers 0
# Wire Junctions 0, at vias 0 Total Vias 0
# Percent Connected    0.00
# Manhattan Length 42520.9600 Horizontal 27796.1840 Vertical 14724.7760
# Routed Length   0.0000 Horizontal   0.0000 Vertical   0.0000
# Ratio Actual / Manhattan   0.0000
# Unconnected Length 42520.9600 Horizontal 25106.8200 Vertical 17414.1400
# Attempts 0 Successes 0 Failures 0 Vias 0
# 90 degree wire corners are preferred.
# Total Conflicts: 0 (Cross: 0, Clear: 0, Xtalk: 0, Length: 0, Polygon Clear: 0 )
# Cpu Time = 0:00:00  Elapsed Time = 0:00:00
# 
# Wiring Statistics ----------------- F:/TDP4/TRUNK/CIRCUIT/breakout/allegro\gumstix_breakout.dsn
# Nets 23 Connections 54 Unroutes 54
# Signal Layers 2 Power Layers 0
# Wire Junctions 0, at vias 0 Total Vias 0
# Percent Connected    0.00
# Manhattan Length 42520.9600 Horizontal 27796.1840 Vertical 14724.7760
# Routed Length   0.0000 Horizontal   0.0000 Vertical   0.0000
# Ratio Actual / Manhattan   0.0000
# Unconnected Length 42520.9600 Horizontal 25106.8200 Vertical 17414.1400
# Command check detected pcb layer rule(s), mcm via rule(s), which require the RouteADV license feature.
# All unlicensed rules are being ignored.
# Command check will ignore pcb layer rule(s), mcm via rule(s)
# 90 degree wire corners are preferred.
# Smart Route: Executing 25 route passes.
# Current time = Tue Feb 08 11:33:12 2011
# 
#    VIA     TOP  BOTTOM
# 
#    TOP  ------   VIA  
# BOTTOM   VIA    ------
# 
# 
# Design Rules --------------------------------------------
# Via Grid 0.0100 with offset 0.0000
# Layer TOP Horz Signal Wire Grid 0.0100 with offset 0.0000, Width= 9.0000, Clearance= 9.0000
# Layer BOTTOM Vert Signal Wire Grid 0.0100 with offset 0.0000, Width= 9.0000, Clearance= 9.0000
# 
# Wiring Statistics ----------------- F:/TDP4/TRUNK/CIRCUIT/breakout/allegro\gumstix_breakout.dsn
# Nets 23 Connections 54 Unroutes 54
# Signal Layers 2 Power Layers 0
# Wire Junctions 0, at vias 0 Total Vias 0
# Percent Connected    0.00
# Manhattan Length 42520.9600 Horizontal 27796.1840 Vertical 14724.7760
# Routed Length   0.0000 Horizontal   0.0000 Vertical   0.0000
# Ratio Actual / Manhattan   0.0000
# Unconnected Length 42520.9600 Horizontal 25106.8200 Vertical 17414.1400
# Start Route Pass 1 of 25
# Routing 54 wires.
# Command check detected pcb layer rule(s), mcm via rule(s), which require the RouteADV license feature.
# All unlicensed rules are being ignored.
# Command check will ignore pcb layer rule(s), mcm via rule(s)
# Total Conflicts: 92 (Cross: 28, Clear: 64, Xtalk: 0, Length: 0, Polygon Clear: 0 )
# Total Unroutes: 2
# Attempts 54 Successes 52 Failures 2 Vias 13
# Cpu Time = 0:00:00  Elapsed Time = 0:00:00
# Command check detected pcb layer rule(s), mcm via rule(s), which require the RouteADV license feature.
# All unlicensed rules are being ignored.
# Command check will ignore pcb layer rule(s), mcm via rule(s)
# End Pass 1 of 25
# Wiring Written to File F:/TDP4/TRUNK/CIRCUIT/breakout/allegro\bestsave.w
# Smart Route: Smart_route progressing normally after 1 passes.
# Start Route Pass 2 of 25
# Routing 76 wires.
# Command check detected pcb layer rule(s), mcm via rule(s), which require the RouteADV license feature.
# All unlicensed rules are being ignored.
# Command check will ignore pcb layer rule(s), mcm via rule(s)
# Total Conflicts: 82 (Cross: 15, Clear: 67, Xtalk: 0, Length: 0, Polygon Clear: 0 )
# Total Unroutes: 0
# Attempts 64 Successes 64 Failures 0 Vias 18
# Cpu Time = 0:00:00  Elapsed Time = 0:00:01
# Command check detected pcb layer rule(s), mcm via rule(s), which require the RouteADV license feature.
# All unlicensed rules are being ignored.
# Command check will ignore pcb layer rule(s), mcm via rule(s)
# Conflict Reduction  0.1087
# End Pass 2 of 25
# Wiring Written to File F:/TDP4/TRUNK/CIRCUIT/breakout/allegro\bestsave.w
# <<WARNING:>> Smart Route: Conflict reduction rate 10 is very low 
# after 2 passes. 
# Design may not reach 100%. 
# Check number of layers, grids and design rules.
# Start Route Pass 3 of 25
# Routing 92 wires.
# Command check detected pcb layer rule(s), mcm via rule(s), which require the RouteADV license feature.
# All unlicensed rules are being ignored.
# Command check will ignore pcb layer rule(s), mcm via rule(s)
# Total Conflicts: 62 (Cross: 2, Clear: 60, Xtalk: 0, Length: 0, Polygon Clear: 0 )
# Total Unroutes: 0
# Attempts 69 Successes 68 Failures 1 Vias 28
# Cpu Time = 0:00:00  Elapsed Time = 0:00:00
# Command check detected pcb layer rule(s), mcm via rule(s), which require the RouteADV license feature.
# All unlicensed rules are being ignored.
# Command check will ignore pcb layer rule(s), mcm via rule(s)
# Conflict Reduction  0.2439
# End Pass 3 of 25
# Wiring Written to File F:/TDP4/TRUNK/CIRCUIT/breakout/allegro\bestsave.w
# <<WARNING:>> Smart Route: Average reduction ratio only 17 after 3 passes. 
# Design may converge very slowly. 
# Monitor status file carefully.
# Start Route Pass 4 of 25
# Routing 97 wires.
# Command check detected pcb layer rule(s), mcm via rule(s), which require the RouteADV license feature.
# All unlicensed rules are being ignored.
# Command check will ignore pcb layer rule(s), mcm via rule(s)
# Total Conflicts: 64 (Cross: 1, Clear: 63, Xtalk: 0, Length: 0, Polygon Clear: 0 )
# Total Unroutes: 0
# Attempts 69 Successes 67 Failures 2 Vias 24
# Cpu Time = 0:00:00  Elapsed Time = 0:00:01
# Command check detected pcb layer rule(s), mcm via rule(s), which require the RouteADV license feature.
# All unlicensed rules are being ignored.
# Command check will ignore pcb layer rule(s), mcm via rule(s)
# Conflict Reduction -0.0322
# End Pass 4 of 25
# <<WARNING:>> Smart Route: Average reduction ratio only 11 after 4 passes. 
# Design may converge very slowly. 
# Monitor status file carefully.
# Start Route Pass 5 of 25
# Routing 95 wires.
# Command check detected pcb layer rule(s), mcm via rule(s), which require the RouteADV license feature.
# All unlicensed rules are being ignored.
# Command check will ignore pcb layer rule(s), mcm via rule(s)
# 1 bend points have been removed.
# 1 bend points have been removed.
# Total Conflicts: 65 (Cross: 0, Clear: 65, Xtalk: 0, Length: 0, Polygon Clear: 0 )
# Total Unroutes: 0
# Attempts 69 Successes 67 Failures 2 Vias 28
# Cpu Time = 0:00:00  Elapsed Time = 0:00:00
# Command check detected pcb layer rule(s), mcm via rule(s), which require the RouteADV license feature.
# All unlicensed rules are being ignored.
# Command check will ignore pcb layer rule(s), mcm via rule(s)
# Conflict Reduction -0.0156
# End Pass 5 of 25
# 0 bend points have been removed.
# 0 bend points have been removed.
# <<WARNING:>> Smart Route: Average reduction ratio only 9 after 5 passes. 
# Design may converge very slowly. 
# Monitor status file carefully.
# Start Route Pass 6 of 25
# Routing 28 wires.
# Command check detected pcb layer rule(s), mcm via rule(s), which require the RouteADV license feature.
# All unlicensed rules are being ignored.
# Command check will ignore pcb layer rule(s), mcm via rule(s)
# 0 bend points have been removed.
# 0 bend points have been removed.
# Total Conflicts: 54 (Cross: 0, Clear: 54, Xtalk: 0, Length: 0, Polygon Clear: 0 )
# Total Unroutes: 1
# Attempts 28 Successes 27 Failures 1 Vias 28
# Cpu Time = 0:00:00  Elapsed Time = 0:00:01
# Command check detected pcb layer rule(s), mcm via rule(s), which require the RouteADV license feature.
# All unlicensed rules are being ignored.
# Command check will ignore pcb layer rule(s), mcm via rule(s)
# End Pass 6 of 25
# Wiring Written to File F:/TDP4/TRUNK/CIRCUIT/breakout/allegro\bestsave.w
# Smart Route: Smart_route progressing normally after 6 passes.
# Start Route Pass 7 of 25
# Routing 28 wires.
# Command check detected pcb layer rule(s), mcm via rule(s), which require the RouteADV license feature.
# All unlicensed rules are being ignored.
# Command check will ignore pcb layer rule(s), mcm via rule(s)
# 0 bend points have been removed.
# 0 bend points have been removed.
# Total Conflicts: 57 (Cross: 0, Clear: 57, Xtalk: 0, Length: 0, Polygon Clear: 0 )
# Total Unroutes: 0
# Attempts 28 Successes 28 Failures 0 Vias 29
# Cpu Time = 0:00:01  Elapsed Time = 0:00:00
# Command check detected pcb layer rule(s), mcm via rule(s), which require the RouteADV license feature.
# All unlicensed rules are being ignored.
# Command check will ignore pcb layer rule(s), mcm via rule(s)
# End Pass 7 of 25
# Smart Route: Smart_route progressing normally after 7 passes.
# Start Route Pass 8 of 25
# Routing 28 wires.
# Command check detected pcb layer rule(s), mcm via rule(s), which require the RouteADV license feature.
# All unlicensed rules are being ignored.
# Command check will ignore pcb layer rule(s), mcm via rule(s)
# 0 bend points have been removed.
# 0 bend points have been removed.
# Total Conflicts: 57 (Cross: 0, Clear: 57, Xtalk: 0, Length: 0, Polygon Clear: 0 )
# Total Unroutes: 0
# Attempts 28 Successes 28 Failures 0 Vias 28
# Cpu Time = 0:00:00  Elapsed Time = 0:00:00
# Command check detected pcb layer rule(s), mcm via rule(s), which require the RouteADV license feature.
# All unlicensed rules are being ignored.
# Command check will ignore pcb layer rule(s), mcm via rule(s)
# End Pass 8 of 25
# Smart Route: Smart_route progressing normally after 8 passes.
# Start Route Pass 9 of 25
# Routing 28 wires.
# Command check detected pcb layer rule(s), mcm via rule(s), which require the RouteADV license feature.
# All unlicensed rules are being ignored.
# Command check will ignore pcb layer rule(s), mcm via rule(s)
# 0 bend points have been removed.
# 0 bend points have been removed.
# Total Conflicts: 57 (Cross: 0, Clear: 57, Xtalk: 0, Length: 0, Polygon Clear: 0 )
# Total Unroutes: 0
# Attempts 28 Successes 28 Failures 0 Vias 29
# Cpu Time = 0:00:00  Elapsed Time = 0:00:01
# Command check detected pcb layer rule(s), mcm via rule(s), which require the RouteADV license feature.
# All unlicensed rules are being ignored.
# Command check will ignore pcb layer rule(s), mcm via rule(s)
# End Pass 9 of 25
# Smart Route: Smart_route progressing normally after 9 passes.
# Start Route Pass 10 of 25
# Routing 28 wires.
# Command check detected pcb layer rule(s), mcm via rule(s), which require the RouteADV license feature.
# All unlicensed rules are being ignored.
# Command check will ignore pcb layer rule(s), mcm via rule(s)
# 0 bend points have been removed.
# 0 bend points have been removed.
# Total Conflicts: 57 (Cross: 0, Clear: 57, Xtalk: 0, Length: 0, Polygon Clear: 0 )
# Total Unroutes: 0
# Attempts 28 Successes 28 Failures 0 Vias 29
# Cpu Time = 0:00:00  Elapsed Time = 0:00:00
# Command check detected pcb layer rule(s), mcm via rule(s), which require the RouteADV license feature.
# All unlicensed rules are being ignored.
# Command check will ignore pcb layer rule(s), mcm via rule(s)
# End Pass 10 of 25
# Smart Route: Smart_route progressing normally after 10 passes.
# Start Route Pass 11 of 25
# Routing 28 wires.
# Command check detected pcb layer rule(s), mcm via rule(s), which require the RouteADV license feature.
# All unlicensed rules are being ignored.
# Command check will ignore pcb layer rule(s), mcm via rule(s)
# 0 bend points have been removed.
# 0 bend points have been removed.
# Total Conflicts: 57 (Cross: 0, Clear: 57, Xtalk: 0, Length: 0, Polygon Clear: 0 )
# Total Unroutes: 0
# Attempts 28 Successes 28 Failures 0 Vias 28
# Cpu Time = 0:00:00  Elapsed Time = 0:00:01
# Command check detected pcb layer rule(s), mcm via rule(s), which require the RouteADV license feature.
# All unlicensed rules are being ignored.
# Command check will ignore pcb layer rule(s), mcm via rule(s)
# End Pass 11 of 25
# Smart Route: Smart_route progressing normally after 11 passes.
# Start Route Pass 12 of 25
# Routing 28 wires.
# Command check detected pcb layer rule(s), mcm via rule(s), which require the RouteADV license feature.
# All unlicensed rules are being ignored.
# Command check will ignore pcb layer rule(s), mcm via rule(s)
# 0 bend points have been removed.
# 2 bend points have been removed.
# Total Conflicts: 57 (Cross: 0, Clear: 57, Xtalk: 0, Length: 0, Polygon Clear: 0 )
# Total Unroutes: 0
# Attempts 28 Successes 28 Failures 0 Vias 28
# Cpu Time = 0:00:00  Elapsed Time = 0:00:00
# Command check detected pcb layer rule(s), mcm via rule(s), which require the RouteADV license feature.
# All unlicensed rules are being ignored.
# Command check will ignore pcb layer rule(s), mcm via rule(s)
# End Pass 12 of 25
# Smart Route: Smart_route progressing normally after 12 passes.
# Start Route Pass 13 of 25
# Routing 28 wires.
# Command check detected pcb layer rule(s), mcm via rule(s), which require the RouteADV license feature.
# All unlicensed rules are being ignored.
# Command check will ignore pcb layer rule(s), mcm via rule(s)
# 0 bend points have been removed.
# 0 bend points have been removed.
# Total Conflicts: 57 (Cross: 0, Clear: 57, Xtalk: 0, Length: 0, Polygon Clear: 0 )
# Total Unroutes: 0
# Attempts 28 Successes 28 Failures 0 Vias 28
# Cpu Time = 0:00:00  Elapsed Time = 0:00:00
# Command check detected pcb layer rule(s), mcm via rule(s), which require the RouteADV license feature.
# All unlicensed rules are being ignored.
# Command check will ignore pcb layer rule(s), mcm via rule(s)
# End Pass 13 of 25
# Smart Route: Smart_route progressing normally after 13 passes.
# Start Route Pass 14 of 25
# Routing 28 wires.
# Command check detected pcb layer rule(s), mcm via rule(s), which require the RouteADV license feature.
# All unlicensed rules are being ignored.
# Command check will ignore pcb layer rule(s), mcm via rule(s)
# 0 bend points have been removed.
# 2 bend points have been removed.
# Total Conflicts: 57 (Cross: 0, Clear: 57, Xtalk: 0, Length: 0, Polygon Clear: 0 )
# Total Unroutes: 0
# Attempts 28 Successes 28 Failures 0 Vias 29
# Cpu Time = 0:00:00  Elapsed Time = 0:00:00
# Command check detected pcb layer rule(s), mcm via rule(s), which require the RouteADV license feature.
# All unlicensed rules are being ignored.
# Command check will ignore pcb layer rule(s), mcm via rule(s)
# End Pass 14 of 25
# Smart Route: Smart_route progressing normally after 14 passes.
# Start Route Pass 15 of 25
# Routing 28 wires.
# Command check detected pcb layer rule(s), mcm via rule(s), which require the RouteADV license feature.
# All unlicensed rules are being ignored.
# Command check will ignore pcb layer rule(s), mcm via rule(s)
# 1 bend points have been removed.
# 0 bend points have been removed.
# Total Conflicts: 57 (Cross: 0, Clear: 57, Xtalk: 0, Length: 0, Polygon Clear: 0 )
# Total Unroutes: 0
# Attempts 28 Successes 28 Failures 0 Vias 28
# Cpu Time = 0:00:01  Elapsed Time = 0:00:00
# Command check detected pcb layer rule(s), mcm via rule(s), which require the RouteADV license feature.
# All unlicensed rules are being ignored.
# Command check will ignore pcb layer rule(s), mcm via rule(s)
# End Pass 15 of 25
# Smart Route: Smart_route progressing normally after 15 passes.
# Start Route Pass 16 of 25
# Routing 28 wires.
# Command check detected pcb layer rule(s), mcm via rule(s), which require the RouteADV license feature.
# All unlicensed rules are being ignored.
# Command check will ignore pcb layer rule(s), mcm via rule(s)
# 0 bend points have been removed.
# 0 bend points have been removed.
# Total Conflicts: 57 (Cross: 0, Clear: 57, Xtalk: 0, Length: 0, Polygon Clear: 0 )
# Total Unroutes: 0
# Attempts 28 Successes 28 Failures 0 Vias 28
# Cpu Time = 0:00:00  Elapsed Time = 0:00:01
# Command check detected pcb layer rule(s), mcm via rule(s), which require the RouteADV license feature.
# All unlicensed rules are being ignored.
# Command check will ignore pcb layer rule(s), mcm via rule(s)
# End Pass 16 of 25
# Smart Route: Smart_route progressing normally after 16 passes.
# Start Route Pass 17 of 25
# Routing 28 wires.
# Command check detected pcb layer rule(s), mcm via rule(s), which require the RouteADV license feature.
# All unlicensed rules are being ignored.
# Command check will ignore pcb layer rule(s), mcm via rule(s)
# 0 bend points have been removed.
# 2 bend points have been removed.
# Total Conflicts: 57 (Cross: 0, Clear: 57, Xtalk: 0, Length: 0, Polygon Clear: 0 )
# Total Unroutes: 0
# Attempts 28 Successes 28 Failures 0 Vias 28
# Cpu Time = 0:00:00  Elapsed Time = 0:00:00
# Command check detected pcb layer rule(s), mcm via rule(s), which require the RouteADV license feature.
# All unlicensed rules are being ignored.
# Command check will ignore pcb layer rule(s), mcm via rule(s)
# End Pass 17 of 25
# Smart Route: Smart_route progressing normally after 17 passes.
# Start Route Pass 18 of 25
# Routing 28 wires.
# Command check detected pcb layer rule(s), mcm via rule(s), which require the RouteADV license feature.
# All unlicensed rules are being ignored.
# Command check will ignore pcb layer rule(s), mcm via rule(s)
# 0 bend points have been removed.
# 0 bend points have been removed.
# Total Conflicts: 57 (Cross: 0, Clear: 57, Xtalk: 0, Length: 0, Polygon Clear: 0 )
# Total Unroutes: 0
# Attempts 28 Successes 28 Failures 0 Vias 28
# Cpu Time = 0:00:00  Elapsed Time = 0:00:00
# Command check detected pcb layer rule(s), mcm via rule(s), which require the RouteADV license feature.
# All unlicensed rules are being ignored.
# Command check will ignore pcb layer rule(s), mcm via rule(s)
# End Pass 18 of 25
# Smart Route: Smart_route progressing normally after 18 passes.
# Start Route Pass 19 of 25
# Routing 28 wires.
# Command check detected pcb layer rule(s), mcm via rule(s), which require the RouteADV license feature.
# All unlicensed rules are being ignored.
# Command check will ignore pcb layer rule(s), mcm via rule(s)
# 0 bend points have been removed.
# 2 bend points have been removed.
# Total Conflicts: 57 (Cross: 0, Clear: 57, Xtalk: 0, Length: 0, Polygon Clear: 0 )
# Total Unroutes: 0
# Attempts 28 Successes 28 Failures 0 Vias 28
# Cpu Time = 0:00:00  Elapsed Time = 0:00:00
# Command check detected pcb layer rule(s), mcm via rule(s), which require the RouteADV license feature.
# All unlicensed rules are being ignored.
# Command check will ignore pcb layer rule(s), mcm via rule(s)
# End Pass 19 of 25
# Smart Route: Smart_route progressing normally after 19 passes.
# Start Route Pass 20 of 25
# Routing 28 wires.
# Command check detected pcb layer rule(s), mcm via rule(s), which require the RouteADV license feature.
# All unlicensed rules are being ignored.
# Command check will ignore pcb layer rule(s), mcm via rule(s)
# 1 bend points have been removed.
# 0 bend points have been removed.
# Total Conflicts: 57 (Cross: 0, Clear: 57, Xtalk: 0, Length: 0, Polygon Clear: 0 )
# Total Unroutes: 0
# Attempts 28 Successes 28 Failures 0 Vias 28
# Cpu Time = 0:00:00  Elapsed Time = 0:00:00
# Command check detected pcb layer rule(s), mcm via rule(s), which require the RouteADV license feature.
# All unlicensed rules are being ignored.
# Command check will ignore pcb layer rule(s), mcm via rule(s)
# End Pass 20 of 25
# Smart Route: Smart_route progressing normally after 20 passes.
# Start Route Pass 21 of 25
# Routing 28 wires.
# Command check detected pcb layer rule(s), mcm via rule(s), which require the RouteADV license feature.
# All unlicensed rules are being ignored.
# Command check will ignore pcb layer rule(s), mcm via rule(s)
# 0 bend points have been removed.
# 0 bend points have been removed.
# Total Conflicts: 57 (Cross: 0, Clear: 57, Xtalk: 0, Length: 0, Polygon Clear: 0 )
# Total Unroutes: 0
# Attempts 28 Successes 28 Failures 0 Vias 28
# Cpu Time = 0:00:00  Elapsed Time = 0:00:01
# Command check detected pcb layer rule(s), mcm via rule(s), which require the RouteADV license feature.
# All unlicensed rules are being ignored.
# Command check will ignore pcb layer rule(s), mcm via rule(s)
# End Pass 21 of 25
# Smart Route: Smart_route progressing normally after 21 passes.
# Start Route Pass 22 of 25
# Routing 28 wires.
# Command check detected pcb layer rule(s), mcm via rule(s), which require the RouteADV license feature.
# All unlicensed rules are being ignored.
# Command check will ignore pcb layer rule(s), mcm via rule(s)
# 0 bend points have been removed.
# 2 bend points have been removed.
# Total Conflicts: 57 (Cross: 0, Clear: 57, Xtalk: 0, Length: 0, Polygon Clear: 0 )
# Total Unroutes: 0
# Attempts 28 Successes 28 Failures 0 Vias 28
# Cpu Time = 0:00:00  Elapsed Time = 0:00:00
# Command check detected pcb layer rule(s), mcm via rule(s), which require the RouteADV license feature.
# All unlicensed rules are being ignored.
# Command check will ignore pcb layer rule(s), mcm via rule(s)
# End Pass 22 of 25
# Smart Route: Smart_route progressing normally after 22 passes.
# Start Route Pass 23 of 25
# Routing 28 wires.
# Command check detected pcb layer rule(s), mcm via rule(s), which require the RouteADV license feature.
# All unlicensed rules are being ignored.
# Command check will ignore pcb layer rule(s), mcm via rule(s)
# 0 bend points have been removed.
# 0 bend points have been removed.
# Total Conflicts: 57 (Cross: 0, Clear: 57, Xtalk: 0, Length: 0, Polygon Clear: 0 )
# Total Unroutes: 0
# Attempts 28 Successes 28 Failures 0 Vias 28
# Cpu Time = 0:00:01  Elapsed Time = 0:00:00
# Command check detected pcb layer rule(s), mcm via rule(s), which require the RouteADV license feature.
# All unlicensed rules are being ignored.
# Command check will ignore pcb layer rule(s), mcm via rule(s)
# End Pass 23 of 25
# Smart Route: Smart_route progressing normally after 23 passes.
# Start Route Pass 24 of 25
# Routing 28 wires.
# Command check detected pcb layer rule(s), mcm via rule(s), which require the RouteADV license feature.
# All unlicensed rules are being ignored.
# Command check will ignore pcb layer rule(s), mcm via rule(s)
# 0 bend points have been removed.
# 2 bend points have been removed.
# Total Conflicts: 57 (Cross: 0, Clear: 57, Xtalk: 0, Length: 0, Polygon Clear: 0 )
# Total Unroutes: 0
# Attempts 28 Successes 28 Failures 0 Vias 28
# Cpu Time = 0:00:00  Elapsed Time = 0:00:00
# Command check detected pcb layer rule(s), mcm via rule(s), which require the RouteADV license feature.
# All unlicensed rules are being ignored.
# Command check will ignore pcb layer rule(s), mcm via rule(s)
# End Pass 24 of 25
# Smart Route: Smart_route progressing normally after 24 passes.
# Start Route Pass 25 of 25
# Routing 28 wires.
# Command check detected pcb layer rule(s), mcm via rule(s), which require the RouteADV license feature.
# All unlicensed rules are being ignored.
# Command check will ignore pcb layer rule(s), mcm via rule(s)
# 0 bend points have been removed.
# 0 bend points have been removed.
# Total Conflicts: 57 (Cross: 0, Clear: 57, Xtalk: 0, Length: 0, Polygon Clear: 0 )
# Total Unroutes: 0
# Attempts 28 Successes 28 Failures 0 Vias 28
# Cpu Time = 0:00:00  Elapsed Time = 0:00:00
# Command check detected pcb layer rule(s), mcm via rule(s), which require the RouteADV license feature.
# All unlicensed rules are being ignored.
# Command check will ignore pcb layer rule(s), mcm via rule(s)
# End Pass 25 of 25
# Smart Route: Smart_route progressing normally after 25 passes.
# Cpu Time = 0:00:03  Elapsed Time = 0:00:10
# 
# Design Rules --------------------------------------------
# Via Grid 0.0100 with offset 0.0000
# Layer TOP Horz Signal Wire Grid 0.0100 with offset 0.0000, Width= 9.0000, Clearance= 9.0000
# Layer BOTTOM Vert Signal Wire Grid 0.0100 with offset 0.0000, Width= 9.0000, Clearance= 9.0000
# Command check detected pcb layer rule(s), mcm via rule(s), which require the RouteADV license feature.
# All unlicensed rules are being ignored.
# Command check will ignore pcb layer rule(s), mcm via rule(s)
# ROUTING HISTORY ================================================================
#     Pass     |   Conflicts |    |     |     |     |    |Red|      CPU Time     |
#   Name   |No.| Cross| Clear|Fail|Unrte| Vias|XTalk|Len.| % |  Pass   |  Total  |
#----------+---+------+------+----+-----+-----+-----+----+---+---------+---------|
# Bus      |  0|     0|     0|   0|   54|    0|    0|   0|   |  0:00:00|  0:00:00|
# Route    |  1|    28|    64|   2|    2|   13|    0|   0|  0|  0:00:00|  0:00:00|
# Route    |  2|    15|    67|   0|    0|   18|    0|   0| 10|  0:00:00|  0:00:00|
# Route    |  3|     2|    60|   1|    0|   28|    0|   0| 24|  0:00:00|  0:00:00|
# Route    |  4|     1|    63|   2|    0|   24|    0|   0|  0|  0:00:00|  0:00:00|
# Route    |  5|     0|    65|   2|    0|   28|    0|   0|  0|  0:00:00|  0:00:00|
# Route    |  6|     0|    54|   1|    1|   28|    0|   0| 16|  0:00:00|  0:00:00|
# Route    |  7|     0|    57|   0|    0|   29|    0|   0|  0|  0:00:01|  0:00:01|
# Route    |  8|     0|    57|   0|    0|   28|    0|   0|  0|  0:00:00|  0:00:01|
# Route    |  9|     0|    57|   0|    0|   29|    0|   0|  0|  0:00:00|  0:00:01|
# Route    | 10|     0|    57|   0|    0|   29|    0|   0|  0|  0:00:00|  0:00:01|
# Route    | 11|     0|    57|   0|    0|   28|    0|   0|  0|  0:00:00|  0:00:01|
# Route    | 12|     0|    57|   0|    0|   28|    0|   0|  0|  0:00:00|  0:00:01|
# Route    | 13|     0|    57|   0|    0|   28|    0|   0|  0|  0:00:00|  0:00:01|
# Route    | 14|     0|    57|   0|    0|   29|    0|   0|  0|  0:00:00|  0:00:01|
# Route    | 15|     0|    57|   0|    0|   28|    0|   0|  0|  0:00:01|  0:00:02|
# Route    | 16|     0|    57|   0|    0|   28|    0|   0|  0|  0:00:00|  0:00:02|
# Route    | 17|     0|    57|   0|    0|   28|    0|   0|  0|  0:00:00|  0:00:02|
# Route    | 18|     0|    57|   0|    0|   28|    0|   0|  0|  0:00:00|  0:00:02|
# Route    | 19|     0|    57|   0|    0|   28|    0|   0|  0|  0:00:00|  0:00:02|
# Route    | 20|     0|    57|   0|    0|   28|    0|   0|  0|  0:00:00|  0:00:02|
# Route    | 21|     0|    57|   0|    0|   28|    0|   0|  0|  0:00:00|  0:00:02|
# Route    | 22|     0|    57|   0|    0|   28|    0|   0|  0|  0:00:00|  0:00:02|
# Route    | 23|     0|    57|   0|    0|   28|    0|   0|  0|  0:00:01|  0:00:03|
# Route    | 24|     0|    57|   0|    0|   28|    0|   0|  0|  0:00:00|  0:00:03|
# Route    | 25|     0|    57|   0|    0|   28|    0|   0|  0|  0:00:00|  0:00:03|
# Conflicts between polygon wires and fixed objects:   0
# Stub Violations:   0
# Net Order Violations:   0
# Diffpair Uncoupled Length Violations:   0
# Diffpair Phase Tolerance  Violations:   0
# Total layerset violations:   0
# Total layerset violations (exclude Fanout/Stagger/XNet Short side):   0
# Overall Routing Time: 0:00:03
# 
# Wiring Statistics ----------------- F:/TDP4/TRUNK/CIRCUIT/breakout/allegro\gumstix_breakout.dsn
# Nets 23 Connections 54 Unroutes 0
# Signal Layers 2 Power Layers 0
# Wire Junctions 16, at vias 7 Total Vias 28
# Percent Connected   51.85
# Manhattan Length 43069.1400 Horizontal 28165.0660 Vertical 14904.0740
# Routed Length 43492.0839 Horizontal 28205.6800 Vertical 17191.4400
# Ratio Actual / Manhattan   1.0098
# Unconnected Length   0.0000 Horizontal   0.0000 Vertical   0.0000
# Smart Route: Executing 2 clean passes.
# Current time = Tue Feb 08 11:33:23 2011
# 
#    VIA     TOP  BOTTOM
# 
#    TOP  ------   VIA  
# BOTTOM   VIA    ------
# 
# 
# Design Rules --------------------------------------------
# Via Grid 0.0100 with offset 0.0000
# Layer TOP Horz Signal Wire Grid 0.0100 with offset 0.0000, Width= 9.0000, Clearance= 9.0000
# Layer BOTTOM Vert Signal Wire Grid 0.0100 with offset 0.0000, Width= 9.0000, Clearance= 9.0000
# 
# Wiring Statistics ----------------- F:/TDP4/TRUNK/CIRCUIT/breakout/allegro\gumstix_breakout.dsn
# Nets 23 Connections 54 Unroutes 0
# Signal Layers 2 Power Layers 0
# Wire Junctions 16, at vias 7 Total Vias 28
# Percent Connected   51.85
# Manhattan Length 43069.1400 Horizontal 28165.0660 Vertical 14904.0740
# Routed Length 43492.0839 Horizontal 28205.6800 Vertical 17191.4400
# Ratio Actual / Manhattan   1.0098
# Unconnected Length   0.0000 Horizontal   0.0000 Vertical   0.0000
# Start Clean Pass 1 of 2
# Routing 91 wires.
# Command check detected pcb layer rule(s), mcm via rule(s), which require the RouteADV license feature.
# All unlicensed rules are being ignored.
# Command check will ignore pcb layer rule(s), mcm via rule(s)
# Total Conflicts: 57 (Cross: 0, Clear: 57, Xtalk: 0, Length: 0, Polygon Clear: 0 )
# Total Unroutes: 0
# Attempts 70 Successes 43 Failures 27 Vias 23
# Cpu Time = 0:00:00  Elapsed Time = 0:00:00
# Command check detected pcb layer rule(s), mcm via rule(s), which require the RouteADV license feature.
# All unlicensed rules are being ignored.
# Command check will ignore pcb layer rule(s), mcm via rule(s)
# End Pass 1 of 2
# Start Clean Pass 2 of 2
# Routing 96 wires.
# Command check detected pcb layer rule(s), mcm via rule(s), which require the RouteADV license feature.
# All unlicensed rules are being ignored.
# Command check will ignore pcb layer rule(s), mcm via rule(s)
# 0 bend points have been removed.
# 0 bend points have been removed.
# Total Conflicts: 57 (Cross: 0, Clear: 57, Xtalk: 0, Length: 0, Polygon Clear: 0 )
# Total Unroutes: 0
# Attempts 67 Successes 41 Failures 26 Vias 22
# Cpu Time = 0:00:00  Elapsed Time = 0:00:00
# Command check detected pcb layer rule(s), mcm via rule(s), which require the RouteADV license feature.
# All unlicensed rules are being ignored.
# Command check will ignore pcb layer rule(s), mcm via rule(s)
# End Pass 2 of 2
# Cpu Time = 0:00:00  Elapsed Time = 0:00:01
# 
# Design Rules --------------------------------------------
# Via Grid 0.0100 with offset 0.0000
# Layer TOP Horz Signal Wire Grid 0.0100 with offset 0.0000, Width= 9.0000, Clearance= 9.0000
# Layer BOTTOM Vert Signal Wire Grid 0.0100 with offset 0.0000, Width= 9.0000, Clearance= 9.0000
# Command check detected pcb layer rule(s), mcm via rule(s), which require the RouteADV license feature.
# All unlicensed rules are being ignored.
# Command check will ignore pcb layer rule(s), mcm via rule(s)
# ROUTING HISTORY ================================================================
#     Pass     |   Conflicts |    |     |     |     |    |Red|      CPU Time     |
#   Name   |No.| Cross| Clear|Fail|Unrte| Vias|XTalk|Len.| % |  Pass   |  Total  |
#----------+---+------+------+----+-----+-----+-----+----+---+---------+---------|
# Bus      |  0|     0|     0|   0|   54|    0|    0|   0|   |  0:00:00|  0:00:00|
# Route    |  1|    28|    64|   2|    2|   13|    0|   0|  0|  0:00:00|  0:00:00|
# Route    |  2|    15|    67|   0|    0|   18|    0|   0| 10|  0:00:00|  0:00:00|
# Route    |  3|     2|    60|   1|    0|   28|    0|   0| 24|  0:00:00|  0:00:00|
# Route    |  4|     1|    63|   2|    0|   24|    0|   0|  0|  0:00:00|  0:00:00|
# Route    |  5|     0|    65|   2|    0|   28|    0|   0|  0|  0:00:00|  0:00:00|
# Route    |  6|     0|    54|   1|    1|   28|    0|   0| 16|  0:00:00|  0:00:00|
# Route    |  7|     0|    57|   0|    0|   29|    0|   0|  0|  0:00:01|  0:00:01|
# Route    |  8|     0|    57|   0|    0|   28|    0|   0|  0|  0:00:00|  0:00:01|
# Route    |  9|     0|    57|   0|    0|   29|    0|   0|  0|  0:00:00|  0:00:01|
# Route    | 10|     0|    57|   0|    0|   29|    0|   0|  0|  0:00:00|  0:00:01|
# Route    | 11|     0|    57|   0|    0|   28|    0|   0|  0|  0:00:00|  0:00:01|
# Route    | 12|     0|    57|   0|    0|   28|    0|   0|  0|  0:00:00|  0:00:01|
# Route    | 13|     0|    57|   0|    0|   28|    0|   0|  0|  0:00:00|  0:00:01|
# Route    | 14|     0|    57|   0|    0|   29|    0|   0|  0|  0:00:00|  0:00:01|
# Route    | 15|     0|    57|   0|    0|   28|    0|   0|  0|  0:00:01|  0:00:02|
# Route    | 16|     0|    57|   0|    0|   28|    0|   0|  0|  0:00:00|  0:00:02|
# Route    | 17|     0|    57|   0|    0|   28|    0|   0|  0|  0:00:00|  0:00:02|
# Route    | 18|     0|    57|   0|    0|   28|    0|   0|  0|  0:00:00|  0:00:02|
# Route    | 19|     0|    57|   0|    0|   28|    0|   0|  0|  0:00:00|  0:00:02|
# Route    | 20|     0|    57|   0|    0|   28|    0|   0|  0|  0:00:00|  0:00:02|
# Route    | 21|     0|    57|   0|    0|   28|    0|   0|  0|  0:00:00|  0:00:02|
# Route    | 22|     0|    57|   0|    0|   28|    0|   0|  0|  0:00:00|  0:00:02|
# Route    | 23|     0|    57|   0|    0|   28|    0|   0|  0|  0:00:01|  0:00:03|
# Route    | 24|     0|    57|   0|    0|   28|    0|   0|  0|  0:00:00|  0:00:03|
# Route    | 25|     0|    57|   0|    0|   28|    0|   0|  0|  0:00:00|  0:00:03|
# Clean    | 26|     0|    57|  27|    0|   23|    0|   0|   |  0:00:00|  0:00:03|
# Clean    | 27|     0|    57|  26|    0|   22|    0|   0|   |  0:00:00|  0:00:03|
# Conflicts between polygon wires and fixed objects:   0
# Stub Violations:   0
# Net Order Violations:   0
# Diffpair Uncoupled Length Violations:   0
# Diffpair Phase Tolerance  Violations:   0
# Total layerset violations:   0
# Total layerset violations (exclude Fanout/Stagger/XNet Short side):   0
# Overall Routing Time: 0:00:03
# 
# Wiring Statistics ----------------- F:/TDP4/TRUNK/CIRCUIT/breakout/allegro\gumstix_breakout.dsn
# Nets 23 Connections 54 Unroutes 0
# Signal Layers 2 Power Layers 0
# Wire Junctions 18, at vias 3 Total Vias 22
# Percent Connected   51.85
# Manhattan Length 43257.8700 Horizontal 28288.7690 Vertical 14969.1010
# Routed Length 43104.3562 Horizontal 28036.9200 Vertical 17092.9100
# Ratio Actual / Manhattan   0.9965
# Unconnected Length   0.0000 Horizontal   0.0000 Vertical   0.0000
# Smart Route: Executing 50 route passes.
# Current time = Tue Feb 08 11:33:24 2011
# 
#    VIA     TOP  BOTTOM
# 
#    TOP  ------   VIA  
# BOTTOM   VIA    ------
# 
# 
# Design Rules --------------------------------------------
# Via Grid 0.0100 with offset 0.0000
# Layer TOP Horz Signal Wire Grid 0.0100 with offset 0.0000, Width= 9.0000, Clearance= 9.0000
# Layer BOTTOM Vert Signal Wire Grid 0.0100 with offset 0.0000, Width= 9.0000, Clearance= 9.0000
# 
# Wiring Statistics ----------------- F:/TDP4/TRUNK/CIRCUIT/breakout/allegro\gumstix_breakout.dsn
# Nets 23 Connections 54 Unroutes 0
# Signal Layers 2 Power Layers 0
# Wire Junctions 18, at vias 3 Total Vias 22
# Percent Connected   51.85
# Manhattan Length 43257.8700 Horizontal 28288.7690 Vertical 14969.1010
# Routed Length 43104.3562 Horizontal 28036.9200 Vertical 17092.9100
# Ratio Actual / Manhattan   0.9965
# Unconnected Length   0.0000 Horizontal   0.0000 Vertical   0.0000
# Start Route Pass 1 of 50
# Routing 31 wires.
# Command check detected pcb layer rule(s), mcm via rule(s), which require the RouteADV license feature.
# All unlicensed rules are being ignored.
# Command check will ignore pcb layer rule(s), mcm via rule(s)
# 0 bend points have been removed.
# 0 bend points have been removed.
# Total Conflicts: 73 (Cross: 4, Clear: 69, Xtalk: 0, Length: 0, Polygon Clear: 0 )
# Total Unroutes: 0
# Attempts 30 Successes 30 Failures 0 Vias 22
# Cpu Time = 0:00:00  Elapsed Time = 0:00:00
# Command check detected pcb layer rule(s), mcm via rule(s), which require the RouteADV license feature.
# All unlicensed rules are being ignored.
# Command check will ignore pcb layer rule(s), mcm via rule(s)
# End Pass 1 of 50
# <<ERROR:>> Smart Route: Design is unroutable, not enough resources. 
# Many unroutes will exist if you use the filter command. 
# Check number of layers, grids, design rules and placement.
# Cpu Time = 0:00:00  Elapsed Time = 0:00:01
# 
# Design Rules --------------------------------------------
# Via Grid 0.0100 with offset 0.0000
# Layer TOP Horz Signal Wire Grid 0.0100 with offset 0.0000, Width= 9.0000, Clearance= 9.0000
# Layer BOTTOM Vert Signal Wire Grid 0.0100 with offset 0.0000, Width= 9.0000, Clearance= 9.0000
# Command check detected pcb layer rule(s), mcm via rule(s), which require the RouteADV license feature.
# All unlicensed rules are being ignored.
# Command check will ignore pcb layer rule(s), mcm via rule(s)
# ROUTING HISTORY ================================================================
#     Pass     |   Conflicts |    |     |     |     |    |Red|      CPU Time     |
#   Name   |No.| Cross| Clear|Fail|Unrte| Vias|XTalk|Len.| % |  Pass   |  Total  |
#----------+---+------+------+----+-----+-----+-----+----+---+---------+---------|
# Bus      |  0|     0|     0|   0|   54|    0|    0|   0|   |  0:00:00|  0:00:00|
# Route    |  1|    28|    64|   2|    2|   13|    0|   0|  0|  0:00:00|  0:00:00|
# Route    |  2|    15|    67|   0|    0|   18|    0|   0| 10|  0:00:00|  0:00:00|
# Route    |  3|     2|    60|   1|    0|   28|    0|   0| 24|  0:00:00|  0:00:00|
# Route    |  4|     1|    63|   2|    0|   24|    0|   0|  0|  0:00:00|  0:00:00|
# Route    |  5|     0|    65|   2|    0|   28|    0|   0|  0|  0:00:00|  0:00:00|
# Route    |  6|     0|    54|   1|    1|   28|    0|   0| 16|  0:00:00|  0:00:00|
# Route    |  7|     0|    57|   0|    0|   29|    0|   0|  0|  0:00:01|  0:00:01|
# Route    |  8|     0|    57|   0|    0|   28|    0|   0|  0|  0:00:00|  0:00:01|
# Route    |  9|     0|    57|   0|    0|   29|    0|   0|  0|  0:00:00|  0:00:01|
# Route    | 10|     0|    57|   0|    0|   29|    0|   0|  0|  0:00:00|  0:00:01|
# Route    | 11|     0|    57|   0|    0|   28|    0|   0|  0|  0:00:00|  0:00:01|
# Route    | 12|     0|    57|   0|    0|   28|    0|   0|  0|  0:00:00|  0:00:01|
# Route    | 13|     0|    57|   0|    0|   28|    0|   0|  0|  0:00:00|  0:00:01|
# Route    | 14|     0|    57|   0|    0|   29|    0|   0|  0|  0:00:00|  0:00:01|
# Route    | 15|     0|    57|   0|    0|   28|    0|   0|  0|  0:00:01|  0:00:02|
# Route    | 16|     0|    57|   0|    0|   28|    0|   0|  0|  0:00:00|  0:00:02|
# Route    | 17|     0|    57|   0|    0|   28|    0|   0|  0|  0:00:00|  0:00:02|
# Route    | 18|     0|    57|   0|    0|   28|    0|   0|  0|  0:00:00|  0:00:02|
# Route    | 19|     0|    57|   0|    0|   28|    0|   0|  0|  0:00:00|  0:00:02|
# Route    | 20|     0|    57|   0|    0|   28|    0|   0|  0|  0:00:00|  0:00:02|
# Route    | 21|     0|    57|   0|    0|   28|    0|   0|  0|  0:00:00|  0:00:02|
# Route    | 22|     0|    57|   0|    0|   28|    0|   0|  0|  0:00:00|  0:00:02|
# Route    | 23|     0|    57|   0|    0|   28|    0|   0|  0|  0:00:01|  0:00:03|
# Route    | 24|     0|    57|   0|    0|   28|    0|   0|  0|  0:00:00|  0:00:03|
# Route    | 25|     0|    57|   0|    0|   28|    0|   0|  0|  0:00:00|  0:00:03|
# Clean    | 26|     0|    57|  27|    0|   23|    0|   0|   |  0:00:00|  0:00:03|
# Clean    | 27|     0|    57|  26|    0|   22|    0|   0|   |  0:00:00|  0:00:03|
# Route    | 28|     4|    69|   0|    0|   22|    0|   0|  0|  0:00:00|  0:00:03|
# Conflicts between polygon wires and fixed objects:   0
# Stub Violations:   0
# Net Order Violations:   0
# Diffpair Uncoupled Length Violations:   0
# Diffpair Phase Tolerance  Violations:   0
# Total layerset violations:   0
# Total layerset violations (exclude Fanout/Stagger/XNet Short side):   0
# Overall Routing Time: 0:00:03
# 
# Wiring Statistics ----------------- F:/TDP4/TRUNK/CIRCUIT/breakout/allegro\gumstix_breakout.dsn
# Nets 23 Connections 54 Unroutes 0
# Signal Layers 2 Power Layers 0
# Wire Junctions 16, at vias 2 Total Vias 21
# Percent Connected   48.15
# Manhattan Length 43208.1500 Horizontal 28330.0860 Vertical 14878.0640
# Routed Length 43679.2535 Horizontal 28322.9100 Vertical 17188.6600
# Ratio Actual / Manhattan   1.0109
# Unconnected Length   0.0000 Horizontal   0.0000 Vertical   0.0000
# <<ERROR:>> Smart Route: Smart_route command aborting due to failures.
write routes (changed_only) (reset_changed) C:/Users/Adraen/AppData/Local/Temp/#Taaaaac02996.tmp
# Routing Written to File C:/Users/Adraen/AppData/Local/Temp/#Taaaaac02996.tmp
quit
