{ Using PSTWRITER 16.3.0 p002Feb-17-2011 at 16:28:05 }

#1 Warning [ALG0047] "No_connect" property on Pin "U1.4" ignored for U1: SCHEMATIC1, PAGE1 (1.50, 3.60). Connecting pin to net "EXTAL".
#2 Warning [ALG0047] "No_connect" property on Pin "U1.7" ignored for U1: SCHEMATIC1, PAGE1 (1.50, 3.60). Connecting pin to net "SPI_INTERRUPT_5V".
#3 Warning [ALG0047] "No_connect" property on Pin "U2.6" ignored for U2: SCHEMATIC1, PAGE1 (2.60, 0.40). Connecting pin to net "1B4".
#4 Warning [ALG0047] "No_connect" property on Pin "U2.8" ignored for U2: SCHEMATIC1, PAGE1 (2.60, 0.40). Connecting pin to net "1B5".
#5 Warning [ALG0047] "No_connect" property on Pin "U2.9" ignored for U2: SCHEMATIC1, PAGE1 (2.60, 0.40). Connecting pin to net "1B6".
#6 Warning [ALG0047] "No_connect" property on Pin "U2.11" ignored for U2: SCHEMATIC1, PAGE1 (2.60, 0.40). Connecting pin to net "1B7".
#7 Warning [ALG0047] "No_connect" property on Pin "U2.12" ignored for U2: SCHEMATIC1, PAGE1 (2.60, 0.40). Connecting pin to net "1B8".
#8 Warning [ALG0047] "No_connect" property on Pin "J17.2" ignored for J17: SCHEMATIC1, PAGE1 (8.50, 2.80). Connecting pin to net "1B8".
#9 Warning [ALG0047] "No_connect" property on Pin "U2.16" ignored for U2: SCHEMATIC1, PAGE1 (2.60, 0.40). Connecting pin to net "2B3".
#10 Warning [ALG0047] "No_connect" property on Pin "U2.17" ignored for U2: SCHEMATIC1, PAGE1 (2.60, 0.40). Connecting pin to net "2B4".
#11 Warning [ALG0047] "No_connect" property on Pin "U2.19" ignored for U2: SCHEMATIC1, PAGE1 (2.60, 0.40). Connecting pin to net "2B5".
#12 Warning [ALG0047] "No_connect" property on Pin "U2.20" ignored for U2: SCHEMATIC1, PAGE1 (2.60, 0.40). Connecting pin to net "2B6".
#13 Warning [ALG0047] "No_connect" property on Pin "U2.22" ignored for U2: SCHEMATIC1, PAGE1 (2.60, 0.40). Connecting pin to net "2B7".
#14 Warning [ALG0047] "No_connect" property on Pin "U2.43" ignored for U2: SCHEMATIC1, PAGE1 (2.60, 0.40). Connecting pin to net "1A4".
#15 Warning [ALG0047] "No_connect" property on Pin "U2.41" ignored for U2: SCHEMATIC1, PAGE1 (2.60, 0.40). Connecting pin to net "1A5".
#16 Warning [ALG0047] "No_connect" property on Pin "U2.40" ignored for U2: SCHEMATIC1, PAGE1 (2.60, 0.40). Connecting pin to net "1A6".
#17 Warning [ALG0047] "No_connect" property on Pin "U2.38" ignored for U2: SCHEMATIC1, PAGE1 (2.60, 0.40). Connecting pin to net "1A7".
#18 Warning [ALG0047] "No_connect" property on Pin "U2.37" ignored for U2: SCHEMATIC1, PAGE1 (2.60, 0.40). Connecting pin to net "1A8".
#19 Warning [ALG0047] "No_connect" property on Pin "J16.2" ignored for J16: SCHEMATIC1, PAGE1 (8.50, 1.80). Connecting pin to net "1A8".
#20 Warning [ALG0047] "No_connect" property on Pin "U2.33" ignored for U2: SCHEMATIC1, PAGE1 (2.60, 0.40). Connecting pin to net "2A3".
#21 Warning [ALG0047] "No_connect" property on Pin "U2.32" ignored for U2: SCHEMATIC1, PAGE1 (2.60, 0.40). Connecting pin to net "2A4".
#22 Warning [ALG0047] "No_connect" property on Pin "U2.30" ignored for U2: SCHEMATIC1, PAGE1 (2.60, 0.40). Connecting pin to net "2A5".
#23 Warning [ALG0047] "No_connect" property on Pin "U2.29" ignored for U2: SCHEMATIC1, PAGE1 (2.60, 0.40). Connecting pin to net "2A6".
#24 Warning [ALG0047] "No_connect" property on Pin "U2.27" ignored for U2: SCHEMATIC1, PAGE1 (2.60, 0.40). Connecting pin to net "2A7".
#25 Warning [ALG0047] "No_connect" property on Pin "U2.26" ignored for U2: SCHEMATIC1, PAGE1 (2.60, 0.40). Connecting pin to net "2A8".
#26 Warning [ALG0047] "No_connect" property on Pin "U2.23" ignored for U2: SCHEMATIC1, PAGE1 (2.60, 0.40). Connecting pin to net "2B8".
#27 Warning [ALG0016] Part Name "CONN MOD 6-6_J_HEADER6_BACKGROUND HEADER" is renamed to "CONN MOD 6-6_J_HEADER6_BACKGROU".
#28 Warning [ALG0016] Part Name "MC9S08DZ60_MC9S08_LQFP32_MC9S08DZ60" is renamed to "MC9S08DZ60_MC9S08_LQFP32_MC9S08".
#29 Warning [ALG0016] Part Name "SN74LVC16T245_SN74_DGG_SN74LVC16T245" is renamed to "SN74LVC16T245_SN74_DGG_SN74LVC1".
#30 Warning [ALG0051] Pin "GND" is renamed to "GND#4" as visible power pin of same name already exists in Package SN74LVC16T245 , U2: SCHEMATIC1, PAGE1 (2.60, 0.40).
#31 Warning [ALG0051] Pin "Vccb" is renamed to "VCCB#7" as visible power pin of same name already exists in Package SN74LVC16T245 , U2: SCHEMATIC1, PAGE1 (2.60, 0.40).
#32 Warning [ALG0051] Pin "GND" is renamed to "GND#10" as visible power pin of same name already exists in Package SN74LVC16T245 , U2: SCHEMATIC1, PAGE1 (2.60, 0.40).
#33 Warning [ALG0051] Pin "GND" is renamed to "GND#15" as visible power pin of same name already exists in Package SN74LVC16T245 , U2: SCHEMATIC1, PAGE1 (2.60, 0.40).
#34 Warning [ALG0051] Pin "Vccb" is renamed to "VCCB#18" as visible power pin of same name already exists in Package SN74LVC16T245 , U2: SCHEMATIC1, PAGE1 (2.60, 0.40).
#35 Warning [ALG0051] Pin "GND" is renamed to "GND#21" as visible power pin of same name already exists in Package SN74LVC16T245 , U2: SCHEMATIC1, PAGE1 (2.60, 0.40).
#36 Warning [ALG0051] Pin "GND" is renamed to "GND#45" as visible power pin of same name already exists in Package SN74LVC16T245 , U2: SCHEMATIC1, PAGE1 (2.60, 0.40).
#37 Warning [ALG0051] Pin "Vcca" is renamed to "VCCA#42" as visible power pin of same name already exists in Package SN74LVC16T245 , U2: SCHEMATIC1, PAGE1 (2.60, 0.40).
#38 Warning [ALG0051] Pin "GND" is renamed to "GND#39" as visible power pin of same name already exists in Package SN74LVC16T245 , U2: SCHEMATIC1, PAGE1 (2.60, 0.40).
#39 Warning [ALG0051] Pin "GND" is renamed to "GND#34" as visible power pin of same name already exists in Package SN74LVC16T245 , U2: SCHEMATIC1, PAGE1 (2.60, 0.40).
#40 Warning [ALG0051] Pin "Vcca" is renamed to "VCCA#31" as visible power pin of same name already exists in Package SN74LVC16T245 , U2: SCHEMATIC1, PAGE1 (2.60, 0.40).
#41 Warning [ALG0051] Pin "GND" is renamed to "GND#28" as visible power pin of same name already exists in Package SN74LVC16T245 , U2: SCHEMATIC1, PAGE1 (2.60, 0.40).
#42 Warning [ALG0016] Part Name "OSCILLATOR_0_OSCILLATOR_OSCILLATOR" is renamed to "OSCILLATOR_0_OSCILLATOR_OSCILLA".
Scanning netlist files ...

Loading... F:\TDP4\TRUNK\CIRCUIT\s08\allegro/pstchip.dat

Loading... F:\TDP4\TRUNK\CIRCUIT\s08\allegro/pstchip.dat

Loading... F:\TDP4\TRUNK\CIRCUIT\s08\allegro/pstxprt.dat

Loading... F:\TDP4\TRUNK\CIRCUIT\s08\allegro/pstxnet.dat
packaging the design view...