(---------------------------------------------------------------------)
(                                                                     )
(    Netrev Allegro Import Logic                                      )
(                                                                     )
(    Drawing          : bare.brd                                      )
(    Software Version : 16.3p004                                      )
(    Date/Time        : Thu Feb 17 16:28:05 2011                      )
(                                                                     )
(---------------------------------------------------------------------)


------ Directives ------

RIPUP_ETCH FALSE;
RIPUP_SYMBOLS ALWAYS;
Missing symbol has error FALSE;
SCHEMATIC_DIRECTORY 'F:\TDP4\TRUNK\CIRCUIT\s08\allegro';
BOARD_DIRECTORY '';
OLD_BOARD_NAME 'F:/tdp4/trunk/circuit/pcb/bare.brd';
NEW_BOARD_NAME 's08-2.brd';

CmdLine: netrev.exe -5 -y 1 -i F:\TDP4\TRUNK\CIRCUIT\s08\allegro F:\tdp4\trunk\circuit\pcb\bare.brd F:\TDP4\TRUNK\CIRCUIT\s08\allegro\s08-2.brd

------ Preparing to read pst files ------

Starting to read F:/TDP4/TRUNK/CIRCUIT/s08/allegro/pstchip.dat 
   Finished reading F:/TDP4/TRUNK/CIRCUIT/s08/allegro/pstchip.dat (00:00:00.06)
Starting to read F:/TDP4/TRUNK/CIRCUIT/s08/allegro/pstxprt.dat 
   Finished reading F:/TDP4/TRUNK/CIRCUIT/s08/allegro/pstxprt.dat (00:00:00.00)
Starting to read F:/TDP4/TRUNK/CIRCUIT/s08/allegro/pstxnet.dat 
   Finished reading F:/TDP4/TRUNK/CIRCUIT/s08/allegro/pstxnet.dat (00:00:00.00)

------ Oversights/Warnings/Errors ------


------ Library Paths ------
MODULEPATH =  . 
           D:/Cadence/SPB_16.3/share/local/pcb/modules 

PSMPATH =  F:\TDP4\TRUNK\CIRCUIT\PCB\ 
           . 
           symbols 
           .. 
           ../symbols 
           D:/Cadence/SPB_16.3/share/local/pcb/symbols 
           D:/Cadence/SPB_16.3/share/pcb/pcb_lib/symbols 
           D:/Cadence/SPB_16.3/share/pcb/allegrolib/symbols 

PADPATH =  F:\TDP4\TRUNK\CIRCUIT\PCB\ 
           . 
           symbols 
           .. 
           ../symbols 
           D:/Cadence/SPB_16.3/share/local/pcb/padstacks 
           D:/Cadence/SPB_16.3/share/pcb/pcb_lib/symbols 
           D:/Cadence/SPB_16.3/share/pcb/allegrolib/symbols 


------ Summary Statistics ------


netrev run on Feb 17 16:28:05 2011
   DESIGN NAME : 'S08'
   PACKAGING ON Nov 17 2009 03:09:43

   COMPILE 'logic'
   CHECK_PIN_NAMES OFF
   CROSS_REFERENCE OFF
   FEEDBACK OFF
   INCREMENTAL OFF
   INTERFACE_TYPE PHYSICAL
   MAX_ERRORS 500
   MERGE_MINIMUM 5
   NET_NAME_CHARS '#%&()*+-./:=>?@[]^_`|'
   NET_NAME_LENGTH 24
   OVERSIGHTS ON
   REPLACE_CHECK OFF
   SINGLE_NODE_NETS ON
   SPLIT_MINIMUM 0
   SUPPRESS   20
   WARNINGS ON

 No error detected
 No oversight detected
 No warning detected

cpu time      0:00:42
elapsed time  0:00:01

