(---------------------------------------------------------------------)
(                                                                     )
(    Refresh Padstack                                                 )
(                                                                     )
(    Drawing          : dip3.dra                                      )
(    Software Version : 16.3p003                                      )
(    Date/Time        : Mon Feb 21 18:47:41 2011                      )
(                                                                     )
(---------------------------------------------------------------------)


Mon Feb 21 18:47:41 2011				Page     1


------ Pad Stack Refresh Options ------

OLD_LAYOUT_NAME = 'F:/tdp4/trunk/circuit/pcb/dip3.dra';
NEW_LAYOUT_NAME = '';
REFRESH_SYMBOL_TEXT_LOCATIONS = 'NO';


------ Library Paths ------
PSMPATH =  F:\TDP4\TRUNK\CIRCUIT\PCB\ 
           . 
           symbols 
           .. 
           ../symbols 
           D:/Cadence/SPB_16.3/share/local/pcb/symbols 
           D:/Cadence/SPB_16.3/share/pcb/pcb_lib/symbols 
           D:/Cadence/SPB_16.3/share/pcb/allegrolib/symbols 

PADPATH =  F:\TDP4\TRUNK\CIRCUIT\PCB\ 
           . 
           symbols 
           .. 
           ../symbols 
           D:/Cadence/SPB_16.3/share/local/pcb/padstacks 
           D:/Cadence/SPB_16.3/share/pcb/pcb_lib/symbols 
           D:/Cadence/SPB_16.3/share/pcb/allegrolib/symbols 


------ Pad Stack Refresh Messages ------

'DIP6_PAD'  pad stack refresh starting.

     'DIP6_PAD'  pad stack refreshed successfully.
     
Completed refreshing all pad stacks successfully.
