Build started 6/25/2011 5:17:39 PM.
     1>Project "I:\Cpp\ws2_32_\ws2_32_\ws2_32_.vcxproj" on node 2 (build target(s)).
     1>InitializeBuildStatus:
         Creating "Release\ws2_32.unsuccessfulbuild" because "AlwaysCreate" was specified.
       ClCompile:
         All outputs are up-to-date.
         C:\Program Files (x86)\Microsoft Visual Studio 10.0\VC\bin\CL.exe /c /Zi /nologo /W3 /WX- /O2 /Oi /Oy- /GL /D WIN32 /D NDEBUG /D _WINDOWS /D _USRDLL /D WS2_32__EXPORTS /D _WINDLL /D _UNICODE /D UNICODE /Gm- /EHsc /MD /GS /Gy /fp:precise /Zc:wchar_t /Zc:forScope /Yc"StdAfx.h" /Fp"Release\ws2_32.pch" /Fo"Release\\" /Fd"Release\vc100.pdb" /Gd /TP /analyze- /errorReport:prompt stdafx.cpp
         stdafx.cpp
         C:\Program Files (x86)\Microsoft Visual Studio 10.0\VC\bin\CL.exe /c /Zi /nologo /W3 /WX- /O2 /Oi /Oy- /GL /D WIN32 /D NDEBUG /D _WINDOWS /D _USRDLL /D WS2_32__EXPORTS /D _WINDLL /D _UNICODE /D UNICODE /Gm- /EHsc /MD /GS /Gy /fp:precise /Zc:wchar_t /Zc:forScope /Yu"StdAfx.h" /Fp"Release\ws2_32.pch" /Fo"Release\\" /Fd"Release\vc100.pdb" /Gd /TP /analyze- /errorReport:prompt ws2_32.cpp
         ws2_32.cpp
       Link:
         C:\Program Files (x86)\Microsoft Visual Studio 10.0\VC\bin\link.exe /ERRORREPORT:PROMPT /OUT:"I:\Cpp\ws2_32_\Release\ws2_32.dll" /INCREMENTAL:NO /NOLOGO kernel32.lib user32.lib gdi32.lib winspool.lib comdlg32.lib advapi32.lib shell32.lib ole32.lib oleaut32.lib uuid.lib odbc32.lib odbccp32.lib /DEF:"ws2_32.def" /MANIFEST /ManifestFile:"Release\ws2_32.dll.intermediate.manifest" /MANIFESTUAC:"level='asInvoker' uiAccess='false'" /DEBUG /PDB:"I:\Cpp\ws2_32_\Release\ws2_32.pdb" /SUBSYSTEM:WINDOWS /OPT:REF /OPT:ICF /LTCG /TLBID:1 /DYNAMICBASE /NXCOMPAT /IMPLIB:"I:\Cpp\ws2_32_\Release\ws2_32.lib" /MACHINE:X86 /DLL Release\stdafx.obj
         Release\ws2_32.obj
            Creating library I:\Cpp\ws2_32_\Release\ws2_32.lib and object I:\Cpp\ws2_32_\Release\ws2_32.exp
         Generating code
         Finished generating code
         ws2_32_.vcxproj -> I:\Cpp\ws2_32_\Release\ws2_32.dll
       Manifest:
         C:\Program Files (x86)\Microsoft SDKs\Windows\v7.0A\bin\mt.exe /nologo /verbose /outputresource:"I:\Cpp\ws2_32_\Release\ws2_32.dll;#2" /manifest Release\ws2_32.dll.intermediate.manifest
       FinalizeBuildStatus:
         Deleting file "Release\ws2_32.unsuccessfulbuild".
         Touching "Release\ws2_32.lastbuildstate".
     1>Done Building Project "I:\Cpp\ws2_32_\ws2_32_\ws2_32_.vcxproj" (build target(s)).

Build succeeded.

Time Elapsed 00:00:01.15
