MPASM  5.35beta                           PWM.ASM   6-5-2010  18:51:28         PAGE  1


LOC  OBJECT CODE     LINE SOURCE TEXT
  VALUE

                      00001 #include P16F627A.INC
                      00001         LIST
                      00002 ; P16F627A.INC  Standard Header File, Version 1.10    Microchip Technology, Inc.
                      00265         LIST
2007   3F21           00002         __CONFIG        _BODEN_OFF & _CP_OFF & _DATA_CP_OFF & _PWRTE_ON & _WDT_OFF & _LVP_OFF & _MCLRE_O
                            N & _XT_OSC
                      00003 
0000                  00004         ORG             0
0000   2801           00005         GOTO    Start
                      00006                 
                      00007 
                      00008 ;******************************************
                      00009 ;* Main Program                           *
                      00010 ;******************************************
                      00011 
0001                  00012 Start
                      00013         ; Configure PWM module
0001   1683           00014         BSF             STATUS, RP0             ; switch to bank 1
0002   30F9           00015         MOVLW   B'11111001'
Message[302]: Register in operand not in bank 0.  Ensure that bank bits are correct.
0003   0092           00016         MOVWF   PR2                             ; set PR2 to 0xFF for the period (datasheet p67)
Message[302]: Register in operand not in bank 0.  Ensure that bank bits are correct.
0004   1186           00017         BCF             TRISB, 3                ; TRISB<3> must be cleared to make CCP1 pin an output
0005   1283           00018         BCF             STATUS, RP0             ; switch to bank 0
                      00019 
0006   303C           00020         MOVLW   B'00111100'             ; datasheet p63
0007   0097           00021         MOVWF   CCP1CON
                      00022 
0008   3001           00023         MOVLW   B'00000001'
0009   0095           00024         MOVWF   CCPR1L                  ; set the duty cycle
000A   1492           00025         BSF             T2CON, T2CKPS1  ; set the prescalar to 1:16
000B   1512           00026         BSF             T2CON, TMR2ON   ; Timer2 is on
                      00027 
                      00028         ; Configure push buttons
000C   3007           00029         MOVLW   B'00000111'             ; Disable Comparator module's
000D   009F           00030         MOVWF   CMCON
                      00031 
000E   1683           00032         BSF             STATUS, RP0             ; switch to bank 1
000F   30FF           00033         MOVLW   B'11111111'             ; all RA ports are inputs
Message[302]: Register in operand not in bank 0.  Ensure that bank bits are correct.
0010   0085           00034         MOVWF   TRISA   
0011   1283           00035         BCF             STATUS, RP0             ; switch to bank 0
                      00036 
0012                  00037 Loop
0012   1805           00038         BTFSC   PORTA, 0                ; wait for switch 1 to be pressed
0013   2017           00039         CALL    Increase
0014   1885           00040         BTFSC   PORTA, 1
0015   201B           00041         CALL    Decrease
0016   2812           00042         GOTO    Loop
                      00043 
0017                  00044 Increase
0017   0D95           00045         RLF             CCPR1L, 1               ; rotate
0018                  00046 waitI
MPASM  5.35beta                           PWM.ASM   6-5-2010  18:51:28         PAGE  2


LOC  OBJECT CODE     LINE SOURCE TEXT
  VALUE

0018   1805           00047         BTFSC   PORTA, 0                ; wait for switch 1 to be released
0019   2818           00048         GOTO    waitI
001A   0008           00049         RETURN
                      00050 
001B                  00051 Decrease
001B   0C95           00052         RRF             CCPR1L, 1
001C                  00053 waitD
001C   1885           00054         BTFSC   PORTA, 1
001D   281C           00055         GOTO    waitD
001E   0008           00056         RETURN
                      00057         
                      00058         END
MPASM  5.35beta                           PWM.ASM   6-5-2010  18:51:28         PAGE  3


SYMBOL TABLE
  LABEL                             VALUE 

ADEN                              00000003
BRGH                              00000002
C                                 00000000
C1INV                             00000004
C1OUT                             00000006
C2INV                             00000005
C2OUT                             00000007
CCP1CON                           00000017
CCP1IE                            00000002
CCP1IF                            00000002
CCP1M0                            00000000
CCP1M1                            00000001
CCP1M2                            00000002
CCP1M3                            00000003
CCP1X                             00000005
CCP1Y                             00000004
CCPR1H                            00000016
CCPR1L                            00000015
CIS                               00000003
CM0                               00000000
CM1                               00000001
CM2                               00000002
CMCON                             0000001F
CMIE                              00000006
CMIF                              00000006
CREN                              00000004
CSRC                              00000007
DC                                00000001
Decrease                          0000001B
EEADR                             0000009B
EECON1                            0000009C
EECON2                            0000009D
EEDATA                            0000009A
EEIE                              00000007
EEIF                              00000007
F                                 00000001
FERR                              00000002
FSR                               00000004
GIE                               00000007
INDF                              00000000
INTCON                            0000000B
INTE                              00000004
INTEDG                            00000006
INTF                              00000001
IRP                               00000007
Increase                          00000017
Loop                              00000012
NOT_BO                            00000000
NOT_BOD                           00000000
NOT_BOR                           00000000
NOT_PD                            00000003
NOT_POR                           00000001
NOT_RBPU                          00000007
MPASM  5.35beta                           PWM.ASM   6-5-2010  18:51:28         PAGE  4


SYMBOL TABLE
  LABEL                             VALUE 

NOT_T1SYNC                        00000002
NOT_TO                            00000004
OERR                              00000001
OPTION_REG                        00000081
OSCF                              00000003
PCL                               00000002
PCLATH                            0000000A
PCON                              0000008E
PEIE                              00000006
PIE1                              0000008C
PIR1                              0000000C
PORTA                             00000005
PORTB                             00000006
PR2                               00000092
PS0                               00000000
PS1                               00000001
PS2                               00000002
PSA                               00000003
RBIE                              00000003
RBIF                              00000000
RCIE                              00000005
RCIF                              00000005
RCREG                             0000001A
RCSTA                             00000018
RD                                00000000
RP0                               00000005
RP1                               00000006
RX9                               00000006
RX9D                              00000000
SPBRG                             00000099
SPEN                              00000007
SREN                              00000005
STATUS                            00000003
SYNC                              00000004
Start                             00000001
T0CS                              00000005
T0IE                              00000005
T0IF                              00000002
T0SE                              00000004
T1CKPS0                           00000004
T1CKPS1                           00000005
T1CON                             00000010
T1OSCEN                           00000003
T2CKPS0                           00000000
T2CKPS1                           00000001
T2CON                             00000012
TMR0                              00000001
TMR1CS                            00000001
TMR1H                             0000000F
TMR1IE                            00000000
TMR1IF                            00000000
TMR1L                             0000000E
TMR1ON                            00000000
MPASM  5.35beta                           PWM.ASM   6-5-2010  18:51:28         PAGE  5


SYMBOL TABLE
  LABEL                             VALUE 

TMR2                              00000011
TMR2IE                            00000001
TMR2IF                            00000001
TMR2ON                            00000002
TOUTPS0                           00000003
TOUTPS1                           00000004
TOUTPS2                           00000005
TOUTPS3                           00000006
TRISA                             00000085
TRISB                             00000086
TRMT                              00000001
TX9                               00000006
TX9D                              00000000
TXEN                              00000005
TXIE                              00000004
TXIF                              00000004
TXREG                             00000019
TXSTA                             00000098
VR0                               00000000
VR1                               00000001
VR2                               00000002
VR3                               00000003
VRCON                             0000009F
VREN                              00000007
VROE                              00000006
VRR                               00000005
W                                 00000000
WR                                00000001
WREN                              00000002
WRERR                             00000003
Z                                 00000002
_BODEN_OFF                        00003FBF
_BODEN_ON                         00003FFF
_BOREN_OFF                        00003FBF
_BOREN_ON                         00003FFF
_CP_OFF                           00003FFF
_CP_ON                            00001FFF
_DATA_CP_OFF                      00003FFF
_DATA_CP_ON                       00003EFF
_ER_OSC_CLKOUT                    00003FFF
_ER_OSC_NOCLKOUT                  00003FFE
_EXTCLK_OSC                       00003FEF
_HS_OSC                           00003FEE
_INTOSC_OSC_CLKOUT                00003FFD
_INTOSC_OSC_NOCLKOUT              00003FFC
_INTRC_OSC_CLKOUT                 00003FFD
_INTRC_OSC_NOCLKOUT               00003FFC
_LP_OSC                           00003FEC
_LVP_OFF                          00003F7F
_LVP_ON                           00003FFF
_MCLRE_OFF                        00003FDF
_MCLRE_ON                         00003FFF
_PWRTE_OFF                        00003FFF
MPASM  5.35beta                           PWM.ASM   6-5-2010  18:51:28         PAGE  6


SYMBOL TABLE
  LABEL                             VALUE 

_PWRTE_ON                         00003FF7
_RC_OSC_CLKOUT                    00003FFF
_RC_OSC_NOCLKOUT                  00003FFE
_WDT_OFF                          00003FFB
_WDT_ON                           00003FFF
_XT_OSC                           00003FED
__16F627A                         00000001
waitD                             0000001C
waitI                             00000018


MEMORY USAGE MAP ('X' = Used,  '-' = Unused)

0000 : XXXXXXXXXXXXXXXX XXXXXXXXXXXXXXX- ---------------- ----------------
2000 : -------X-------- ---------------- ---------------- ----------------

All other memory blocks unused.

Program Memory Words Used:    31
Program Memory Words Free:   993


Errors   :     0
Warnings :     0 reported,     0 suppressed
Messages :     3 reported,     0 suppressed

