MPASM  5.35beta                         UVBOX.ASM   6-12-2010  11:39:51         PAGE  1


LOC  OBJECT CODE     LINE SOURCE TEXT
  VALUE

                      00001         LIST            P=PIC16F627
                      00002         #include        <P16F627.INC>
                      00001         LIST
                      00002 ; P16F627.INC  Standard Header File, Version 1.01    Microchip Technology, Inc.
                      00261         LIST
2007   3F30           00003         __CONFIG        _BODEN_OFF & _CP_OFF & _DATA_CP_OFF & _PWRTE_ON & _WDT_OFF & _LVP_OFF & _MCLRE_O
                            N & _INTRC_OSC_NOCLKOUT
                      00004 
                      00005 ;********************************************
                      00006 ;* Set up the constants                     *
                      00007 ;********************************************
  00000005            00008 SRL_PORT        equ             PORTA   ; Serial port in on port A
  00000001            00009 CLK_PIN         equ             1               ; Clock pin is bit 0
  00000000            00010 DATA_PIN        equ             0               ; Data pin is bit 1
                      00011 ; Seven segment display are active low
  00000004            00012 DIG0            equ             4               ; right 7seg display
  00000003            00013 DIG1            equ             3               ; mid 7seg display
  00000002            00014 DIG2            equ             2               ; left 7seg display
                      00015 ; User defined storage space
  00000020            00016 SRL_DATA        equ             020h
  00000021            00017 COUNTER         equ             021h
                      00018 
                      00019 ;********************************************
                      00020 ;* Define reset vector and interrupt vector *
                      00021 ;********************************************
0000                  00022         ORG             000h
0000   281A           00023         GOTO    Start
0004                  00024         ORG             004h
0004   2819           00025         GOTO    Interrupt
                      00026 
                      00027 ;********************************************
                      00028 ;* Subroutines                              *
                      00029 ;********************************************
                      00030 
                      00031 ; Send subroutine, send content of W serially to port defined by SRL_PORT
                      00032 ; and pins defined by CLK_PIN and DATA_PIN, msb send first.
0005                  00033 Send
0005   00A0           00034         MOVWF   SRL_DATA
0006   3008           00035         MOVLW   8                                               ; This needs to be repeated 8 times
0007   00A1           00036         MOVWF   COUNTER
0008                  00037 TXFER
0008   1085           00038         BCF             SRL_PORT, CLK_PIN               ; Set the Clock low
0009   1005           00039         BCF             SRL_PORT, DATA_PIN              ; Clear flag in both cases
000A   1BA0           00040         BTFSC   SRL_DATA, 7                             ; Check if bit need to be set
000B   1405           00041         BSF             SRL_PORT, DATA_PIN              ; Set it if true
000C   1485           00042         BSF             SRL_PORT, CLK_PIN               ; Set the Clock high
000D   0DA0           00043         RLF             SRL_DATA, 1                             ; Shift right data
000E   0BA1           00044         DECFSZ  COUNTER, 1                              ; Decrement and check if counter is 0
000F   2808           00045         GOTO    TXFER                                   ; Loop while not 0
0010   0008           00046         RETURN
                      00047         
                      00048         
                      00049 ; 
MPASM  5.35beta                         UVBOX.ASM   6-12-2010  11:39:51         PAGE  2


LOC  OBJECT CODE     LINE SOURCE TEXT
  VALUE

                      00050 ; PWM cycle manipulation
0011                  00051 Increase
0011   0D95           00052         RLF             CCPR1L, 1               ; rotate
0012                  00053 WAITI
0012   1806           00054         BTFSC   PORTB, 0                ; wait for switch 1 to be released
0013   2812           00055         GOTO    WAITI
0014   0008           00056         RETURN
                      00057 ;
                      00058 ; PWM cycle manipulation        
0015                  00059 Decrease
0015   0C95           00060         RRF             CCPR1L, 1
0016                  00061 WAITD
0016   1886           00062         BTFSC   PORTB, 1
0017   2816           00063         GOTO    WAITD
0018   0008           00064         RETURN
                      00065         
                      00066 ;********************************************
                      00067 ;* Interrupt Subroutine                     *
                      00068 ;********************************************
0019                  00069 Interrupt
0019   0009           00070         RETFIE
                      00071 
                      00072 ;********************************************
                      00073 ;* Main                                     *
                      00074 ;********************************************
001A                  00075 Start
                      00076         ; * Configure ports *
                      00077         ; Disable Comparator module's
001A   3007           00078         MOVLW   B'00000111'
001B   009F           00079         MOVWF   CMCON
                      00080         
                      00081         ; Configure port A for driving 7seg display
001C   301C           00082         MOVLW   B'00011100'             ; 7 segment displays are active low
001D   0085           00083         MOVWF   PORTA
                      00084         
001E   1683           00085         BSF             STATUS, RP0             ; Select bank 1
                      00086         ; Configure 7Segment Display on port A
001F   30E0           00087         MOVLW   B'11100000'             ; RA4 to RA0 are outputs
Message[302]: Register in operand not in bank 0.  Ensure that bank bits are correct.
0020   0085           00088         MOVWF   TRISA
                      00089         
                      00090         ; Configure PWM on port B
0021   30F9           00091         MOVLW   B'11111001'             
Message[302]: Register in operand not in bank 0.  Ensure that bank bits are correct.
0022   0092           00092         MOVWF   PR2                             ; set PR2 to 0xFF for the period (datasheet p67)
Message[302]: Register in operand not in bank 0.  Ensure that bank bits are correct.
0023   1186           00093         BCF             TRISB, 3                ; TRISB<3> must be cleared to make CCP1 pin an output
Message[302]: Register in operand not in bank 0.  Ensure that bank bits are correct.
0024   1406           00094         BSF             TRISB, 0                ; RA0 is an input
Message[302]: Register in operand not in bank 0.  Ensure that bank bits are correct.
0025   1486           00095         BSF             TRISB, 1                ; RA1 is an input
                      00096         
0026   1283           00097         BCF             STATUS, RP0             ; switch to bank 0
MPASM  5.35beta                         UVBOX.ASM   6-12-2010  11:39:51         PAGE  3


LOC  OBJECT CODE     LINE SOURCE TEXT
  VALUE

                      00098         
                      00099         ; CCP1Z:CCP1Y PWM Lest Significant bits
                      00100         ; CCP1M2:CCP1M0 Enable PWM mode
0027   303C           00101         MOVLW   B'00111100'             ; datasheet p63
0028   0097           00102         MOVWF   CCP1CON
                      00103 
0029   3001           00104         MOVLW   B'00000001'
002A   0095           00105         MOVWF   CCPR1L                  ; set the duty cycle
002B   1492           00106         BSF             T2CON, T2CKPS1  ; set the prescalar to 1:16
002C   1512           00107         BSF             T2CON, TMR2ON   ; Timer2 is on
                      00108         
                      00109         ; Send Test
                      00110         ;pgfedcba
002D   30C1           00111         MOVLW   B'11000001' ; write U
002E   2005           00112         CALL    Send
002F   1205           00113         BCF             SRL_PORT, DIG0
                      00114         
0030                  00115 INFLOOP
0030   2830           00116         GOTO INFLOOP
                      00117         
0031   1806           00118         BTFSC   PORTB, 0                ; wait for switch 1 to be pressed
0032   2011           00119         CALL    Increase
0033   1886           00120         BTFSC   PORTB, 1
0034   2015           00121         CALL    Decrease
                      00122         
                      00123         END
MPASM  5.35beta                         UVBOX.ASM   6-12-2010  11:39:51         PAGE  4


SYMBOL TABLE
  LABEL                             VALUE 

ADEN                              00000003
BRGH                              00000002
C                                 00000000
C1INV                             00000004
C1OUT                             00000006
C2INV                             00000005
C2OUT                             00000007
CCP1CON                           00000017
CCP1IE                            00000002
CCP1IF                            00000002
CCP1M0                            00000000
CCP1M1                            00000001
CCP1M2                            00000002
CCP1M3                            00000003
CCP1X                             00000005
CCP1Y                             00000004
CCPR1H                            00000016
CCPR1L                            00000015
CIS                               00000003
CLK_PIN                           00000001
CM0                               00000000
CM1                               00000001
CM2                               00000002
CMCON                             0000001F
CMIE                              00000006
CMIF                              00000006
COUNTER                           00000021
CREN                              00000004
CSRC                              00000007
DATA_PIN                          00000000
DC                                00000001
DIG0                              00000004
DIG1                              00000003
DIG2                              00000002
Decrease                          00000015
EEADR                             0000009B
EECON1                            0000009C
EECON2                            0000009D
EEDATA                            0000009A
EEIE                              00000007
EEIF                              00000007
F                                 00000001
FERR                              00000002
FSR                               00000004
GIE                               00000007
INDF                              00000000
INFLOOP                           00000030
INTCON                            0000000B
INTE                              00000004
INTEDG                            00000006
INTF                              00000001
IRP                               00000007
Increase                          00000011
MPASM  5.35beta                         UVBOX.ASM   6-12-2010  11:39:51         PAGE  5


SYMBOL TABLE
  LABEL                             VALUE 

Interrupt                         00000019
NOT_BO                            00000000
NOT_BOD                           00000000
NOT_BOR                           00000000
NOT_PD                            00000003
NOT_POR                           00000001
NOT_RBPU                          00000007
NOT_T1SYNC                        00000002
NOT_TO                            00000004
OERR                              00000001
OPTION_REG                        00000081
OSCF                              00000003
PCL                               00000002
PCLATH                            0000000A
PCON                              0000008E
PEIE                              00000006
PIE1                              0000008C
PIR1                              0000000C
PORTA                             00000005
PORTB                             00000006
PR2                               00000092
PS0                               00000000
PS1                               00000001
PS2                               00000002
PSA                               00000003
RBIE                              00000003
RBIF                              00000000
RCIE                              00000005
RCIF                              00000005
RCREG                             0000001A
RCSTA                             00000018
RD                                00000000
RP0                               00000005
RP1                               00000006
RX9                               00000006
RX9D                              00000000
SPBRG                             00000099
SPEN                              00000007
SREN                              00000005
SRL_DATA                          00000020
SRL_PORT                          00000005
STATUS                            00000003
SYNC                              00000004
Send                              00000005
Start                             0000001A
T0CS                              00000005
T0IE                              00000005
T0IF                              00000002
T0SE                              00000004
T1CKPS0                           00000004
T1CKPS1                           00000005
T1CON                             00000010
T1OSCEN                           00000003
MPASM  5.35beta                         UVBOX.ASM   6-12-2010  11:39:51         PAGE  6


SYMBOL TABLE
  LABEL                             VALUE 

T2CKPS0                           00000000
T2CKPS1                           00000001
T2CON                             00000012
TMR0                              00000001
TMR1CS                            00000001
TMR1H                             0000000F
TMR1IE                            00000000
TMR1IF                            00000000
TMR1L                             0000000E
TMR1ON                            00000000
TMR2                              00000011
TMR2IE                            00000001
TMR2IF                            00000001
TMR2ON                            00000002
TOUTPS0                           00000003
TOUTPS1                           00000004
TOUTPS2                           00000005
TOUTPS3                           00000006
TRISA                             00000085
TRISB                             00000086
TRMT                              00000001
TX9                               00000006
TX9D                              00000000
TXEN                              00000005
TXFER                             00000008
TXIE                              00000004
TXIF                              00000004
TXREG                             00000019
TXSTA                             00000098
VR0                               00000000
VR1                               00000001
VR2                               00000002
VR3                               00000003
VRCON                             0000009F
VREN                              00000007
VROE                              00000006
VRR                               00000005
W                                 00000000
WAITD                             00000016
WAITI                             00000012
WR                                00000001
WREN                              00000002
WRERR                             00000003
Z                                 00000002
_BODEN_OFF                        00003FBF
_BODEN_ON                         00003FFF
_CP_50                            00002BFF
_CP_75                            000017FF
_CP_ALL                           000003FF
_CP_OFF                           00003FFF
_DATA_CP_OFF                      00003FFF
_DATA_CP_ON                       00003EFF
_ER_OSC_CLKOUT                    00003FFF
MPASM  5.35beta                         UVBOX.ASM   6-12-2010  11:39:51         PAGE  7


SYMBOL TABLE
  LABEL                             VALUE 

_ER_OSC_NOCLKOUT                  00003FFE
_EXTCLK_OSC                       00003FEF
_HS_OSC                           00003FEE
_INTRC_OSC_CLKOUT                 00003FFD
_INTRC_OSC_NOCLKOUT               00003FFC
_LP_OSC                           00003FEC
_LVP_OFF                          00003F7F
_LVP_ON                           00003FFF
_MCLRE_OFF                        00003FDF
_MCLRE_ON                         00003FFF
_PWRTE_OFF                        00003FFF
_PWRTE_ON                         00003FF7
_WDT_OFF                          00003FFB
_WDT_ON                           00003FFF
_XT_OSC                           00003FED
__16F627                          00000001


MEMORY USAGE MAP ('X' = Used,  '-' = Unused)

0000 : X---XXXXXXXXXXXX XXXXXXXXXXXXXXXX XXXXXXXXXXXXXXXX XXXXX-----------
2000 : -------X-------- ---------------- ---------------- ----------------

All other memory blocks unused.

Program Memory Words Used:    50
Program Memory Words Free:   974


Errors   :     0
Warnings :     0 reported,     0 suppressed
Messages :     5 reported,     0 suppressed

