(---------------------------------------------------------------------)
(                                                                     )
(    Refresh Padstack                                                 )
(                                                                     )
(    Drawing          : sot223.dra                                    )
(    Software Version : 16.3p003                                      )
(    Date/Time        : Thu Apr 21 10:49:25 2011                      )
(                                                                     )
(---------------------------------------------------------------------)


Thu Apr 21 10:49:25 2011				Page     1


------ Pad Stack Refresh Options ------

OLD_LAYOUT_NAME = 'E:/tdp4/trunk/circuit/pcb/sot223.dra';
NEW_LAYOUT_NAME = '';
REFRESH_SYMBOL_TEXT_LOCATIONS = 'NO';


------ Library Paths ------
PSMPATH =  E:\tdp4\trunk\circuit\pcb\ 
           . 
           symbols 
           .. 
           ../symbols 
           C:/Cadence/SPB_16.3/share/local/pcb/symbols 
           C:/Cadence/SPB_16.3/share/pcb/pcb_lib/symbols 
           C:/Cadence/SPB_16.3/share/pcb/allegrolib/symbols 

PADPATH =  E:\tdp4\trunk\circuit\pcb\ 
           . 
           symbols 
           .. 
           ../symbols 
           C:/Cadence/SPB_16.3/share/local/pcb/padstacks 
           C:/Cadence/SPB_16.3/share/pcb/pcb_lib/symbols 
           C:/Cadence/SPB_16.3/share/pcb/allegrolib/symbols 


------ Pad Stack Refresh Messages ------

'SOT223_PAD'  pad stack refresh starting.

     'SOT223_PAD'  pad stack refreshed successfully.
     
'SOT223_LARGE'  pad stack refresh starting.

     'SOT223_LARGE'  pad stack refreshed successfully.
     
Completed refreshing all pad stacks successfully.
