!FileName: maillist.txt
Bermudez, Manuel
Fawlty Towers, Torquay, Devon
TQ1 2AB
!FileName: maillist.txt
Bluebottle, Neddy
Goons, c/o BBC TV, London
WC1 8ZZ
!FileName: maillist.txt
Booth, Polly
Fawlty Towers, Torquay
TQ1 2AB
!Begin Potential Duplicates
!FileName: maillist.txt
! Fletcher, Charles
! c/o Shap Prison, Cumbria
! CB7 1AB
!End   Potential duplicates
!FileName: maillist.txt
Fawlty, Sybil
Watery Fowls, Torquay
TQ1 2AB
!Begin Potential Duplicates
!FileName: maillist.txt
! Fawlty, Basil
! Fawlty Towers, Torquay, Devon
! TQ1 2AB
!End   Potential duplicates
!FileName: maillist.txt
Fletcher, C. H.
HM Prison, Shap, Cumbria
CB7 1AB
!FileName: maillist.txt
McKay, Robert
Shap, Cumbria
CB7 1AB
!FileName: maillist.txt
Meldrew, Victor
1 Happenstance Place, London
N11 3SR
!Begin Potential Duplicates
!FileName: maillist.txt
! Meldrew, Margaret
! 1 Happenstance Place, Epping, London
! N11 3SR
!End   Potential duplicates
!FileName: maillist.txt
Sventek, Prof. Joseph
University of Glasgow, Glasgow
G12 8QQ
!Begin Potential Duplicates
!FileName: maillist.txt
! Sventek, Joe
! University of Glasgow, Glasgow
! G12 8QQ
!End   Potential duplicates
