(---------------------------------------------------------------------)
(                                                                     )
(    Refresh Padstack                                                 )
(                                                                     )
(    Drawing          : gumstix_breakout.brd                          )
(    Software Version : 16.3p003                                      )
(    Date/Time        : Tue Feb 22 11:13:54 2011                      )
(                                                                     )
(---------------------------------------------------------------------)


Tue Feb 22 11:13:54 2011				Page     1


------ Pad Stack Refresh Options ------

OLD_LAYOUT_NAME = 'I:/tdp4/trunk/circuit/breakout/allegro/gumstix_breakout.brd';
NEW_LAYOUT_NAME = '';
REFRESH_SYMBOL_TEXT_LOCATIONS = 'NO';


------ Library Paths ------
PSMPATH =  F:\TDP4\TRUNK\CIRCUIT\PCB\ 
           I:\TDP4\trunk\circuit\pcb\ 
           . 
           symbols 
           .. 
           ../symbols 
           D:/Cadence/SPB_16.3/share/local/pcb/symbols 
           D:/Cadence/SPB_16.3/share/pcb/pcb_lib/symbols 
           D:/Cadence/SPB_16.3/share/pcb/allegrolib/symbols 

PADPATH =  F:\TDP4\TRUNK\CIRCUIT\PCB\ 
           I:\TDP4\trunk\circuit\pcb 
           . 
           symbols 
           .. 
           ../symbols 
           D:/Cadence/SPB_16.3/share/local/pcb/padstacks 
           D:/Cadence/SPB_16.3/share/pcb/pcb_lib/symbols 
           D:/Cadence/SPB_16.3/share/pcb/allegrolib/symbols 


------ Pad Stack Refresh Messages ------

'VIA'  pad stack refresh starting.

     'VIA'  pad stack refreshed successfully.
     
'SWITCH'  pad stack refresh starting.

     'SWITCH'  pad stack refreshed successfully.
     
'DIP6_PAD'  pad stack refresh starting.

     'DIP6_PAD'  pad stack refreshed successfully.
     
'MUSBAB_SHIELD_PAD'  pad stack refresh starting.

     'MUSBAB_SHIELD_PAD'  pad stack refreshed successfully.
     
'MUSBAB_CONN_PAD'  pad stack refresh starting.

     'MUSBAB_CONN_PAD'  pad stack refreshed successfully.
     
'MUSBA_GOLE_PAD090'  pad stack refresh starting.

     'MUSBA_GOLE_PAD090'  pad stack refreshed successfully.
     
'UDBA_HOLE_PAD230'  pad stack refresh starting.

     'UDBA_HOLE_PAD230'  pad stack refreshed successfully.
     
'USBA_HOLE_PAD095'  pad stack refresh starting.

     'USBA_HOLE_PAD095'  pad stack refreshed successfully.
     
'GUMSTIX_HOLE_PAD'  pad stack refresh starting.

     'GUMSTIX_HOLE_PAD'  pad stack refreshed successfully.
     
'GUMSTIX'  pad stack refresh starting.

     'GUMSTIX'  pad stack refreshed successfully.
     
'SMD50_87'  pad stack refresh starting.

     'SMD50_87'  pad stack refreshed successfully.
     
'VIA06'  pad stack refresh starting.

     'VIA06'  pad stack refreshed successfully.
     
Completed refreshing all pad stacks successfully.
