(---------------------------------------------------------------------)
(                                                                     )
(    Refresh Padstack                                                 )
(                                                                     )
(    Drawing          : sot223.dra                                    )
(    Software Version : 16.3p003                                      )
(    Date/Time        : Fri Apr 29 16:08:35 2011                      )
(                                                                     )
(---------------------------------------------------------------------)


Fri Apr 29 16:08:35 2011				Page     1


------ Pad Stack Refresh Options ------

OLD_LAYOUT_NAME = 'I:/aquarium/footprints/sot223.dra';
NEW_LAYOUT_NAME = '';
REFRESH_SYMBOL_TEXT_LOCATIONS = 'NO';


------ Library Paths ------
PSMPATH =  F:\TDP4\TRUNK\CIRCUIT\PCB\ 
           I:\TDP4\trunk\circuit\pcb\ 
           . 
           symbols 
           .. 
           ../symbols 
           D:/Cadence/SPB_16.3/share/local/pcb/symbols 
           D:/Cadence/SPB_16.3/share/pcb/pcb_lib/symbols 
           D:/Cadence/SPB_16.3/share/pcb/allegrolib/symbols 

PADPATH =  I:\aquarium\pads\ 
           . 
           symbols 
           .. 
           ../symbols 
           D:/Cadence/SPB_16.3/share/local/pcb/padstacks 
           D:/Cadence/SPB_16.3/share/pcb/pcb_lib/symbols 
           D:/Cadence/SPB_16.3/share/pcb/allegrolib/symbols 


------ Pad Stack Refresh Messages ------

'SOT223_PAD'  pad stack refresh starting.

     'SOT223_PAD'  pad stack refreshed successfully.
     
'SOT223_LARGE'  pad stack refresh starting.

     'SOT223_LARGE'  pad stack refreshed successfully.
     
Completed refreshing all pad stacks successfully.
