(---------------------------------------------------------------------)
(                                                                     )
(    Parameter File READ                                              )
(                                                                     )
(    Drawing          : gumstix_expansion_v2r5.brd                    )
(    Software Version : 16.3S015                                      )
(    Date/Time        : Mon Apr 18 15:16:31 2011                      )
(                                                                     )
(---------------------------------------------------------------------)


	Paramfile Name : C:/ORCAD_PCB_Editor_Designs/IansTemplates/PRINT_BOT.prm
	Layout Name   : F:/tdp4/trunk/circuit/final/allegro/gumstix_expansion_v2r5.brd

Reading...parm_header:
Reading...db_common_type:
Reading...grid_parms_type:
Reading...UnusedPadsSuppressionSettings:
Reading...color_table_table:
Reading...ColorParmType:
Reading...thieving_parm_type:
Reading...av_parm_type:
Reading...ats_parm_type:
Reading...ministat_parm_type:
Reading...placement_parameter_type:
Reading...ifp_parm_type:
Reading...probe_parm_type:
Reading...dynfill_parm_type:
Reading...drf_parm_type:


..... Total number of errors: 0.
..... Total number of warnings: 0.
