Build started 6/27/2011 6:42:18 PM.
     1>Project "I:\Cpp\dnscache\dnscache\dnscache.vcxproj" on node 2 (build target(s)).
     1>PrepareForBuild:
         Creating directory "I:\Cpp\dnscache\Debug\".
       InitializeBuildStatus:
         Creating "Debug\dnscache.unsuccessfulbuild" because "AlwaysCreate" was specified.
       ClCompile:
         C:\Program Files (x86)\Microsoft Visual Studio 10.0\VC\bin\CL.exe /c /ZI /nologo /W3 /WX- /Od /Oy- /D WIN32 /D _DEBUG /D _CONSOLE /D _UNICODE /D UNICODE /Gm /EHsc /RTC1 /MDd /GS /fp:precise /Zc:wchar_t /Zc:forScope /Fo"Debug\\" /Fd"Debug\vc100.pdb" /Gd /TP /analyze- /errorReport:prompt main.cpp
         main.cpp
       ManifestResourceCompile:
         C:\Program Files (x86)\Microsoft SDKs\Windows\v7.0A\bin\rc.exe /nologo /fo"Debug\dnscache.exe.embed.manifest.res" Debug\dnscache_manifest.rc 
       Link:
         C:\Program Files (x86)\Microsoft Visual Studio 10.0\VC\bin\link.exe /ERRORREPORT:PROMPT /OUT:"I:\Cpp\dnscache\Debug\dnscache.exe" /INCREMENTAL /NOLOGO kernel32.lib user32.lib gdi32.lib winspool.lib comdlg32.lib advapi32.lib shell32.lib ole32.lib oleaut32.lib uuid.lib odbc32.lib odbccp32.lib /MANIFEST /ManifestFile:"Debug\dnscache.exe.intermediate.manifest" /MANIFESTUAC:"level='asInvoker' uiAccess='false'" /DEBUG /PDB:"I:\Cpp\dnscache\Debug\dnscache.pdb" /SUBSYSTEM:CONSOLE /TLBID:1 /DYNAMICBASE /NXCOMPAT /IMPLIB:"I:\Cpp\dnscache\Debug\dnscache.lib" /MACHINE:X86 Debug\dnscache.exe.embed.manifest.res
         Debug\main.obj
       Manifest:
         C:\Program Files (x86)\Microsoft SDKs\Windows\v7.0A\bin\mt.exe /nologo /verbose /out:"Debug\dnscache.exe.embed.manifest" /manifest Debug\dnscache.exe.intermediate.manifest
         C:\Program Files (x86)\Microsoft SDKs\Windows\v7.0A\bin\rc.exe /nologo /fo"Debug\dnscache.exe.embed.manifest.res" Debug\dnscache_manifest.rc 
       LinkEmbedManifest:
         C:\Program Files (x86)\Microsoft Visual Studio 10.0\VC\bin\link.exe /ERRORREPORT:PROMPT /OUT:"I:\Cpp\dnscache\Debug\dnscache.exe" /INCREMENTAL /NOLOGO kernel32.lib user32.lib gdi32.lib winspool.lib comdlg32.lib advapi32.lib shell32.lib ole32.lib oleaut32.lib uuid.lib odbc32.lib odbccp32.lib /MANIFEST /ManifestFile:"Debug\dnscache.exe.intermediate.manifest" /MANIFESTUAC:"level='asInvoker' uiAccess='false'" /DEBUG /PDB:"I:\Cpp\dnscache\Debug\dnscache.pdb" /SUBSYSTEM:CONSOLE /TLBID:1 /DYNAMICBASE /NXCOMPAT /IMPLIB:"I:\Cpp\dnscache\Debug\dnscache.lib" /MACHINE:X86 Debug\dnscache.exe.embed.manifest.res
         Debug\main.obj
         dnscache.vcxproj -> I:\Cpp\dnscache\Debug\dnscache.exe
       FinalizeBuildStatus:
         Deleting file "Debug\dnscache.unsuccessfulbuild".
         Touching "Debug\dnscache.lastbuildstate".
     1>Done Building Project "I:\Cpp\dnscache\dnscache\dnscache.vcxproj" (build target(s)).

Build succeeded.

Time Elapsed 00:00:01.47
